2025-10-01 03:49:26,519 [INFO] Activator:177 - 


2025-10-01 03:49:26,520 [INFO] Activator:178 - !SESSION log4j initialized
2025-10-01 03:49:36,244 [INFO] McuFinderGlobals:39 - Set McuFinder mode to 2 (CubeIDE integrated)
2025-10-01 03:49:36,647 [INFO] ApplicationProperties:181 - Using Application install path: C:\ST\STM32CubeIDE_1.7.0\STM32CubeIDE\plugins\com.st.stm32cube.common.mx_6.3.0.202107141111
2025-10-01 03:49:36,655 [INFO] DbMcusXml:74 - Set database path to: C:\ST\STM32CubeIDE_1.7.0\STM32CubeIDE\plugins\com.st.stm32cube.common.mx_6.3.0.202107141111\\db\/mcu/
2025-10-01 03:49:36,656 [INFO] DbBoardsPdsc:56 - Set plugin database path to: C:\ST\STM32CubeIDE_1.7.0\STM32CubeIDE\plugins\com.st.stm32cube.common.mx_6.3.0.202107141111\\db\/plugins/boardmanager/
2025-10-01 03:49:36,657 [INFO] DbMcus:258 - Set plugin images path to: C:\ST\STM32CubeIDE_1.7.0\STM32CubeIDE\plugins\com.st.stm32cube.common.mx_6.3.0.202107141111\\db\/plugins/mcufinder/images/
2025-10-01 03:49:36,657 [INFO] DbBoards:264 - Set plugin images path to: C:\ST\STM32CubeIDE_1.7.0\STM32CubeIDE\plugins\com.st.stm32cube.common.mx_6.3.0.202107141111\\db\/plugins/mcufinder/images/
2025-10-01 03:49:36,659 [INFO] DbExamples:333 - Set plugin images path to: C:\ST\STM32CubeIDE_1.7.0\STM32CubeIDE\plugins\com.st.stm32cube.common.mx_6.3.0.202107141111\\db\/plugins/mcufinder/images/
2025-10-01 03:49:36,664 [INFO] DbMcusAds:119 - Set database path to: C:\Users\ADMIN\.stmcufinder\plugins\mcufinder//mcu/
2025-10-01 03:49:36,665 [INFO] DbMcusDocs:110 - Set database path to: C:\Users\ADMIN\.stmcufinder\plugins\mcufinder//mcu/
2025-10-01 03:49:36,666 [INFO] DbMcusJson:64 - Set database path to: C:\Users\ADMIN\.stmcufinder\plugins\mcufinder//mcu/
2025-10-01 03:49:36,666 [INFO] DbBoardsDocs:110 - Set database path to: C:\Users\ADMIN\.stmcufinder\plugins\mcufinder//mcu/
2025-10-01 03:49:36,667 [INFO] DbBoardsJson:57 - Set database path to: C:\Users\ADMIN\.stmcufinder\plugins\mcufinder//mcu/
2025-10-01 03:49:36,669 [INFO] CrossReferenceDbSqlite:196 - Set database path to: C:\Users\ADMIN\.stmcufinder\plugins\mcufinder//mcu/cs/
2025-10-01 03:49:36,670 [INFO] DbExamplesSqlite:767 - Set database path to: C:\Users\ADMIN\.stmcufinder\plugins\mcufinder//mcu/
2025-10-01 03:49:36,730 [INFO] RulesReader:57 - Compatibility file has been processed (242 Rules)
2025-10-01 03:49:36,788 [INFO] DbMcusXml:74 - Set database path to: C:\ST\STM32CubeIDE_1.7.0\STM32CubeIDE\plugins\com.st.stm32cube.common.mx_6.3.0.202107141111\\db\/mcu/
2025-10-01 03:49:36,789 [INFO] DbBoardsPdsc:56 - Set plugin database path to: C:\ST\STM32CubeIDE_1.7.0\STM32CubeIDE\plugins\com.st.stm32cube.common.mx_6.3.0.202107141111\\db\/plugins/boardmanager/
2025-10-01 03:49:36,789 [INFO] DbMcus:258 - Set plugin images path to: C:\ST\STM32CubeIDE_1.7.0\STM32CubeIDE\plugins\com.st.stm32cube.common.mx_6.3.0.202107141111\\db\/plugins/mcufinder/images/
2025-10-01 03:49:36,789 [INFO] DbBoards:264 - Set plugin images path to: C:\ST\STM32CubeIDE_1.7.0\STM32CubeIDE\plugins\com.st.stm32cube.common.mx_6.3.0.202107141111\\db\/plugins/mcufinder/images/
2025-10-01 03:49:36,789 [INFO] DbExamples:333 - Set plugin images path to: C:\ST\STM32CubeIDE_1.7.0\STM32CubeIDE\plugins\com.st.stm32cube.common.mx_6.3.0.202107141111\\db\/plugins/mcufinder/images/
2025-10-01 03:49:36,789 [WARN] DbFile:35 - Overriding database path with different value: C:\Users\ADMIN\.stmcufinder\plugins\mcufinder/ => C:\Users\ADMIN\.stmcufinder\plugins\mcufinder
2025-10-01 03:49:36,789 [INFO] DbMcusAds:119 - Set database path to: C:\Users\ADMIN\.stmcufinder\plugins\mcufinder//mcu/
2025-10-01 03:49:36,789 [WARN] DbFile:35 - Overriding database path with different value: C:\Users\ADMIN\.stmcufinder\plugins\mcufinder/ => C:\Users\ADMIN\.stmcufinder\plugins\mcufinder
2025-10-01 03:49:36,790 [INFO] DbMcusDocs:110 - Set database path to: C:\Users\ADMIN\.stmcufinder\plugins\mcufinder//mcu/
2025-10-01 03:49:36,790 [WARN] DbFile:35 - Overriding database path with different value: C:\Users\ADMIN\.stmcufinder\plugins\mcufinder/ => C:\Users\ADMIN\.stmcufinder\plugins\mcufinder
2025-10-01 03:49:36,790 [INFO] DbMcusJson:64 - Set database path to: C:\Users\ADMIN\.stmcufinder\plugins\mcufinder//mcu/
2025-10-01 03:49:36,790 [WARN] DbFile:35 - Overriding database path with different value: C:\Users\ADMIN\.stmcufinder\plugins\mcufinder/ => C:\Users\ADMIN\.stmcufinder\plugins\mcufinder
2025-10-01 03:49:36,790 [INFO] DbBoardsDocs:110 - Set database path to: C:\Users\ADMIN\.stmcufinder\plugins\mcufinder//mcu/
2025-10-01 03:49:36,790 [WARN] DbFile:35 - Overriding database path with different value: C:\Users\ADMIN\.stmcufinder\plugins\mcufinder/ => C:\Users\ADMIN\.stmcufinder\plugins\mcufinder
2025-10-01 03:49:36,790 [INFO] DbBoardsJson:57 - Set database path to: C:\Users\ADMIN\.stmcufinder\plugins\mcufinder//mcu/
2025-10-01 03:49:36,790 [WARN] DbFile:35 - Overriding database path with different value: C:\Users\ADMIN\.stmcufinder\plugins\mcufinder/ => C:\Users\ADMIN\.stmcufinder\plugins\mcufinder
2025-10-01 03:49:36,790 [WARN] DbFile:35 - Overriding database path with different value: C:\Users\ADMIN\.stmcufinder\plugins\mcufinder/ => C:\Users\ADMIN\.stmcufinder\plugins\mcufinder
2025-10-01 03:49:36,790 [INFO] CrossReferenceDbSqlite:196 - Set database path to: C:\Users\ADMIN\.stmcufinder\plugins\mcufinder//mcu/cs/
2025-10-01 03:49:36,790 [WARN] DbFile:35 - Overriding database path with different value: C:\Users\ADMIN\.stmcufinder\plugins\mcufinder/ => C:\Users\ADMIN\.stmcufinder\plugins\mcufinder
2025-10-01 03:49:36,790 [INFO] DbExamplesSqlite:767 - Set database path to: C:\Users\ADMIN\.stmcufinder\plugins\mcufinder//mcu/
2025-10-01 03:49:36,834 [INFO] MainPanel:214 - HeapMemory: 268435456
2025-10-01 03:49:36,888 [INFO] DbMcusXml:74 - Set database path to: C:\ST\STM32CubeIDE_1.7.0\STM32CubeIDE\plugins\com.st.stm32cube.common.mx_6.3.0.202107141111\\db\/mcu/
2025-10-01 03:49:36,888 [INFO] DbBoardsPdsc:56 - Set plugin database path to: C:\ST\STM32CubeIDE_1.7.0\STM32CubeIDE\plugins\com.st.stm32cube.common.mx_6.3.0.202107141111\\db\/plugins/boardmanager/
2025-10-01 03:49:36,888 [INFO] DbMcus:258 - Set plugin images path to: C:\ST\STM32CubeIDE_1.7.0\STM32CubeIDE\plugins\com.st.stm32cube.common.mx_6.3.0.202107141111\\db\/plugins/mcufinder/images/
2025-10-01 03:49:36,888 [INFO] DbBoards:264 - Set plugin images path to: C:\ST\STM32CubeIDE_1.7.0\STM32CubeIDE\plugins\com.st.stm32cube.common.mx_6.3.0.202107141111\\db\/plugins/mcufinder/images/
2025-10-01 03:49:36,889 [INFO] DbExamples:333 - Set plugin images path to: C:\ST\STM32CubeIDE_1.7.0\STM32CubeIDE\plugins\com.st.stm32cube.common.mx_6.3.0.202107141111\\db\/plugins/mcufinder/images/
2025-10-01 03:49:36,890 [WARN] DbFile:35 - Overriding database path with different value: C:\Users\ADMIN\.stmcufinder\plugins\mcufinder/ => C:\Users\ADMIN\.stmcufinder\plugins\mcufinder
2025-10-01 03:49:36,890 [INFO] DbMcusAds:119 - Set database path to: C:\Users\ADMIN\.stmcufinder\plugins\mcufinder//mcu/
2025-10-01 03:49:36,890 [WARN] DbFile:35 - Overriding database path with different value: C:\Users\ADMIN\.stmcufinder\plugins\mcufinder/ => C:\Users\ADMIN\.stmcufinder\plugins\mcufinder
2025-10-01 03:49:36,890 [INFO] DbMcusDocs:110 - Set database path to: C:\Users\ADMIN\.stmcufinder\plugins\mcufinder//mcu/
2025-10-01 03:49:36,890 [WARN] DbFile:35 - Overriding database path with different value: C:\Users\ADMIN\.stmcufinder\plugins\mcufinder/ => C:\Users\ADMIN\.stmcufinder\plugins\mcufinder
2025-10-01 03:49:36,890 [INFO] DbMcusJson:64 - Set database path to: C:\Users\ADMIN\.stmcufinder\plugins\mcufinder//mcu/
2025-10-01 03:49:36,890 [WARN] DbFile:35 - Overriding database path with different value: C:\Users\ADMIN\.stmcufinder\plugins\mcufinder/ => C:\Users\ADMIN\.stmcufinder\plugins\mcufinder
2025-10-01 03:49:36,890 [INFO] DbBoardsDocs:110 - Set database path to: C:\Users\ADMIN\.stmcufinder\plugins\mcufinder//mcu/
2025-10-01 03:49:36,890 [WARN] DbFile:35 - Overriding database path with different value: C:\Users\ADMIN\.stmcufinder\plugins\mcufinder/ => C:\Users\ADMIN\.stmcufinder\plugins\mcufinder
2025-10-01 03:49:36,890 [INFO] DbBoardsJson:57 - Set database path to: C:\Users\ADMIN\.stmcufinder\plugins\mcufinder//mcu/
2025-10-01 03:49:36,890 [WARN] DbFile:35 - Overriding database path with different value: C:\Users\ADMIN\.stmcufinder\plugins\mcufinder/ => C:\Users\ADMIN\.stmcufinder\plugins\mcufinder
2025-10-01 03:49:36,890 [WARN] DbFile:35 - Overriding database path with different value: C:\Users\ADMIN\.stmcufinder\plugins\mcufinder/ => C:\Users\ADMIN\.stmcufinder\plugins\mcufinder
2025-10-01 03:49:36,890 [INFO] CrossReferenceDbSqlite:196 - Set database path to: C:\Users\ADMIN\.stmcufinder\plugins\mcufinder//mcu/cs/
2025-10-01 03:49:36,890 [WARN] DbFile:35 - Overriding database path with different value: C:\Users\ADMIN\.stmcufinder\plugins\mcufinder/ => C:\Users\ADMIN\.stmcufinder\plugins\mcufinder
2025-10-01 03:49:36,891 [INFO] DbExamplesSqlite:767 - Set database path to: C:\Users\ADMIN\.stmcufinder\plugins\mcufinder//mcu/
2025-10-01 03:49:36,902 [INFO] ApplicationProperties:181 - Using Application install path: C:\ST\STM32CubeIDE_1.7.0\STM32CubeIDE\plugins\com.st.stm32cube.common.mx_6.3.0.202107141111
2025-10-01 03:49:36,903 [INFO] PluginManage:188 - Search for loadable plugins [exclusion list=, ]
2025-10-01 03:49:36,903 [INFO] PluginManage:302 - Check plugin analytics
2025-10-01 03:49:36,998 [INFO] AnalyticsPlugin:257 - Accepted Software Licenses: 
2025-10-01 03:49:36,998 [INFO] AnalyticsPlugin:259 - Accepted CMSIS Pack Licenses: 
2025-10-01 03:49:36,998 [INFO] AnalyticsPlugin:261 - Accepted Firmware Licenses: 
2025-10-01 03:49:36,998 [INFO] PluginManage:352 - Loaded plugin analytics (category:tool,tabindex:-1)
2025-10-01 03:49:36,999 [INFO] PluginManage:302 - Check plugin clock
2025-10-01 03:49:37,016 [INFO] PluginManage:352 - Loaded plugin clock (category:base,tabindex:2)
2025-10-01 03:49:37,016 [INFO] PluginManage:302 - Check plugin ddr
2025-10-01 03:49:37,018 [INFO] PluginManage:352 - Loaded plugin ddr (category:tool,tabindex:6)
2025-10-01 03:49:37,018 [INFO] PluginManage:302 - Check plugin filemanager
2025-10-01 03:49:37,088 [INFO] PluginManage:352 - Loaded plugin filemanager (category:base,tabindex:10)
2025-10-01 03:49:37,088 [INFO] PluginManage:302 - Check plugin ipmanager
2025-10-01 03:49:37,093 [INFO] PluginManage:352 - Loaded plugin ipmanager (category:base,tabindex:5)
2025-10-01 03:49:37,093 [INFO] PluginManage:302 - Check plugin pinoutandconfiguration
2025-10-01 03:49:37,107 [INFO] PluginManage:352 - Loaded plugin pinoutandconfiguration (category:base,tabindex:1)
2025-10-01 03:49:37,108 [INFO] PluginManage:302 - Check plugin pinoutconfig
2025-10-01 03:49:37,131 [INFO] PluginManage:352 - Loaded plugin pinoutconfig (category:base,tabindex:0)
2025-10-01 03:49:37,131 [INFO] PluginManage:302 - Check plugin power
2025-10-01 03:49:37,148 [INFO] PluginManage:352 - Loaded plugin power (category:power,tabindex:4)
2025-10-01 03:49:37,148 [INFO] PluginManage:302 - Check plugin projectmanager
2025-10-01 03:49:37,157 [INFO] PluginManage:352 - Loaded plugin projectmanager (category:projectmanager,tabindex:3)
2025-10-01 03:49:37,157 [INFO] PluginManage:302 - Check plugin thirdparty
2025-10-01 03:49:37,320 [INFO] PluginManage:352 - Loaded plugin thirdparty (category:base,tabindex:-1)
2025-10-01 03:49:37,320 [WARN] IntegrityCheckThread:78 - waiting for thirdparty lock release [integrity check]
2025-10-01 03:49:37,321 [INFO] PluginManage:302 - Check plugin tools
2025-10-01 03:49:37,321 [INFO] IntegrityCheckThread:80 - entering critical section [integrity check]
2025-10-01 03:49:37,321 [INFO] ThirdPartyUpdaterWithRetryManager:66 - Updater plugin not ready yet. [1/15]
2025-10-01 03:49:37,373 [INFO] PluginManage:352 - Loaded plugin tools (category:base,tabindex:7)
2025-10-01 03:49:37,373 [INFO] PluginManage:302 - Check plugin tutovideos
2025-10-01 03:49:37,515 [INFO] PluginManage:352 - Loaded plugin tutovideos (category:base,tabindex:-1)
2025-10-01 03:49:37,515 [INFO] PluginManage:302 - Check plugin updater
2025-10-01 03:49:37,522 [INFO] PluginManage:352 - Loaded plugin updater (category:base,tabindex:12)
2025-10-01 03:49:37,522 [INFO] PluginManage:275 - PluginManage : Loaded plugins [13]
2025-10-01 03:49:37,637 [INFO] PinOutPanel:1463 - setPackage(No Configuration,No Configuration)
2025-10-01 03:49:37,700 [INFO] IPUIPlugin:74 - create IPUIPlugin
2025-10-01 03:49:37,700 [INFO] PluginManager:213 - loadIPPluginJar : add adc
2025-10-01 03:49:37,739 [INFO] IPUIPlugin:74 - create IPUIPlugin
2025-10-01 03:49:37,739 [INFO] PluginManager:213 - loadIPPluginJar : add aes
2025-10-01 03:49:37,779 [INFO] IPUIPlugin:74 - create IPUIPlugin
2025-10-01 03:49:37,779 [INFO] PluginManager:213 - loadIPPluginJar : add can
2025-10-01 03:49:37,807 [INFO] IPUIPlugin:74 - create IPUIPlugin
2025-10-01 03:49:37,807 [INFO] PluginManager:213 - loadIPPluginJar : add comp
2025-10-01 03:49:37,839 [INFO] IPUIPlugin:74 - create IPUIPlugin
2025-10-01 03:49:37,839 [INFO] PluginManager:213 - loadIPPluginJar : add cryp
2025-10-01 03:49:37,872 [INFO] IPUIPlugin:74 - create IPUIPlugin
2025-10-01 03:49:37,872 [INFO] PluginManager:213 - loadIPPluginJar : add dfsdm
2025-10-01 03:49:37,883 [INFO] IPUIPlugin:74 - create IPUIPlugin
2025-10-01 03:49:37,883 [INFO] PluginManager:213 - loadIPPluginJar : add dma
2025-10-01 03:49:37,927 [INFO] IPUIPlugin:74 - create IPUIPlugin
2025-10-01 03:49:37,927 [INFO] PluginManager:213 - loadIPPluginJar : add dma3
2025-10-01 03:49:37,952 [INFO] IPUIPlugin:74 - create IPUIPlugin
2025-10-01 03:49:37,953 [INFO] PluginManager:213 - loadIPPluginJar : add fatfs
2025-10-01 03:49:38,002 [INFO] IPUIPlugin:74 - create IPUIPlugin
2025-10-01 03:49:38,002 [INFO] PluginManager:213 - loadIPPluginJar : add fmc
2025-10-01 03:49:38,015 [INFO] IPUIPlugin:74 - create IPUIPlugin
2025-10-01 03:49:38,015 [INFO] PluginManager:213 - loadIPPluginJar : add freertos
2025-10-01 03:49:38,041 [INFO] IPUIPlugin:74 - create IPUIPlugin
2025-10-01 03:49:38,041 [INFO] PluginManager:213 - loadIPPluginJar : add genericplugin
2025-10-01 03:49:38,122 [INFO] IPUIPlugin:74 - create IPUIPlugin
2025-10-01 03:49:38,122 [INFO] PluginManager:213 - loadIPPluginJar : add gfxmmu
2025-10-01 03:49:38,233 [INFO] IPUIPlugin:74 - create IPUIPlugin
2025-10-01 03:49:38,233 [INFO] PluginManager:213 - loadIPPluginJar : add gic
2025-10-01 03:49:38,243 [INFO] IPUIPlugin:74 - create IPUIPlugin
2025-10-01 03:49:38,243 [INFO] PluginManager:213 - loadIPPluginJar : add gpio
2025-10-01 03:49:38,311 [INFO] IPUIPlugin:74 - create IPUIPlugin
2025-10-01 03:49:38,311 [INFO] PluginManager:213 - loadIPPluginJar : add gtzc
2025-10-01 03:49:38,342 [INFO] IPUIPlugin:74 - create IPUIPlugin
2025-10-01 03:49:38,342 [INFO] PluginManager:213 - loadIPPluginJar : add hash
2025-10-01 03:49:38,392 [INFO] IPUIPlugin:74 - create IPUIPlugin
2025-10-01 03:49:38,392 [INFO] PluginManager:213 - loadIPPluginJar : add i2c
2025-10-01 03:49:38,432 [INFO] IPUIPlugin:74 - create IPUIPlugin
2025-10-01 03:49:38,433 [INFO] PluginManager:213 - loadIPPluginJar : add i2s
2025-10-01 03:49:38,441 [INFO] IPUIPlugin:74 - create IPUIPlugin
2025-10-01 03:49:38,442 [INFO] PluginManager:213 - loadIPPluginJar : add ipddr
2025-10-01 03:49:38,522 [INFO] IPUIPlugin:74 - create IPUIPlugin
2025-10-01 03:49:38,522 [INFO] PluginManager:213 - loadIPPluginJar : add linkedlist
2025-10-01 03:49:38,562 [INFO] IPUIPlugin:74 - create IPUIPlugin
2025-10-01 03:49:38,562 [INFO] PluginManager:213 - loadIPPluginJar : add lorawan
2025-10-01 03:49:38,602 [INFO] IPUIPlugin:74 - create IPUIPlugin
2025-10-01 03:49:38,603 [INFO] PluginManager:213 - loadIPPluginJar : add ltdc
2025-10-01 03:49:38,613 [INFO] IPUIPlugin:74 - create IPUIPlugin
2025-10-01 03:49:38,613 [INFO] PluginManager:213 - loadIPPluginJar : add mdma
2025-10-01 03:49:38,622 [INFO] IPUIPlugin:74 - create IPUIPlugin
2025-10-01 03:49:38,622 [INFO] PluginManager:213 - loadIPPluginJar : add nvic
2025-10-01 03:49:38,663 [INFO] IPUIPlugin:74 - create IPUIPlugin
2025-10-01 03:49:38,663 [INFO] PluginManager:213 - loadIPPluginJar : add opamp
2025-10-01 03:49:38,721 [INFO] IPUIPlugin:74 - create IPUIPlugin
2025-10-01 03:49:38,721 [INFO] PluginManager:213 - loadIPPluginJar : add openamp
2025-10-01 03:49:38,763 [INFO] IPUIPlugin:74 - create IPUIPlugin
2025-10-01 03:49:38,763 [INFO] PluginManager:213 - loadIPPluginJar : add pdm2pcm
2025-10-01 03:49:38,774 [INFO] IPUIPlugin:74 - create IPUIPlugin
2025-10-01 03:49:38,776 [INFO] PluginManager:213 - loadIPPluginJar : add plateformsettings
2025-10-01 03:49:38,804 [INFO] IPUIPlugin:74 - create IPUIPlugin
2025-10-01 03:49:38,804 [INFO] PluginManager:213 - loadIPPluginJar : add quadspi
2025-10-01 03:49:38,813 [INFO] IPUIPlugin:74 - create IPUIPlugin
2025-10-01 03:49:38,815 [INFO] PluginManager:213 - loadIPPluginJar : add resmgrutility
2025-10-01 03:49:38,864 [INFO] IPUIPlugin:74 - create IPUIPlugin
2025-10-01 03:49:38,864 [INFO] PluginManager:213 - loadIPPluginJar : add sai
2025-10-01 03:49:38,903 [INFO] IPUIPlugin:74 - create IPUIPlugin
2025-10-01 03:49:38,903 [INFO] PluginManager:213 - loadIPPluginJar : add spi
2025-10-01 03:49:38,956 [INFO] IPUIPlugin:74 - create IPUIPlugin
2025-10-01 03:49:38,956 [INFO] PluginManager:213 - loadIPPluginJar : add stm32_wpan
2025-10-01 03:49:38,990 [INFO] IPUIPlugin:74 - create IPUIPlugin
2025-10-01 03:49:38,990 [INFO] PluginManager:213 - loadIPPluginJar : add tim
2025-10-01 03:49:39,052 [INFO] IPUIPlugin:74 - create IPUIPlugin
2025-10-01 03:49:39,053 [INFO] PluginManager:213 - loadIPPluginJar : add touchsensing
2025-10-01 03:49:39,084 [INFO] IPUIPlugin:74 - create IPUIPlugin
2025-10-01 03:49:39,084 [INFO] PluginManager:213 - loadIPPluginJar : add tracer_emb
2025-10-01 03:49:39,118 [INFO] IPUIPlugin:74 - create IPUIPlugin
2025-10-01 03:49:39,118 [INFO] PluginManager:213 - loadIPPluginJar : add ts
2025-10-01 03:49:39,151 [INFO] IPUIPlugin:74 - create IPUIPlugin
2025-10-01 03:49:39,152 [INFO] PluginManager:213 - loadIPPluginJar : add tsc
2025-10-01 03:49:39,179 [INFO] IPUIPlugin:74 - create IPUIPlugin
2025-10-01 03:49:39,179 [INFO] PluginManager:213 - loadIPPluginJar : add ucpd
2025-10-01 03:49:39,225 [INFO] IPUIPlugin:74 - create IPUIPlugin
2025-10-01 03:49:39,225 [INFO] PluginManager:213 - loadIPPluginJar : add usart
2025-10-01 03:49:39,276 [INFO] IPUIPlugin:74 - create IPUIPlugin
2025-10-01 03:49:39,276 [INFO] PluginManager:213 - loadIPPluginJar : add usbx
2025-10-01 03:49:39,515 [FATAL] Updater:294 - Updater called before beeing initialized
2025-10-01 03:49:39,577 [FATAL] Updater:294 - Updater called before beeing initialized
2025-10-01 03:49:39,587 [INFO] DbMcusAds:47 - JSON generation date=Tue Jul 08 15:14:23 ICT 2025 (1751962463524)
2025-10-01 03:49:39,588 [FATAL] Updater:294 - Updater called before beeing initialized
2025-10-01 03:49:39,615 [WARN] DetailPanel:314 - Failed to get advertising image, set to default
2025-10-01 03:49:39,677 [FATAL] Updater:294 - Updater called before beeing initialized
2025-10-01 03:49:39,679 [FATAL] Updater:294 - Updater called before beeing initialized
2025-10-01 03:49:39,679 [FATAL] Updater:294 - Updater called before beeing initialized
2025-10-01 03:49:39,679 [WARN] DetailPanel:314 - Failed to get advertising image, set to default
2025-10-01 03:49:39,680 [FATAL] Updater:294 - Updater called before beeing initialized
2025-10-01 03:49:39,720 [ERROR] Updater:1075 - MainUpdater not yet initialized. External WinMGr cannot be set.
2025-10-01 03:49:39,730 [INFO] Updater:1012 - Updater Version found : 6.3.0
2025-10-01 03:49:39,743 [INFO] ApplicationProperties:181 - Using Application install path: C:\ST\STM32CubeIDE_1.7.0\STM32CubeIDE\plugins\com.st.stm32cube.common.mx_6.3.0.202107141111
2025-10-01 03:49:40,335 [INFO] ThirdPartyUpdaterWithRetryManager:66 - Updater plugin not ready yet. [2/15]
2025-10-01 03:49:41,055 [INFO] MainUpdater:2671 - connection check result : 10
2025-10-01 03:49:41,056 [INFO] MainUpdater:265 - Updater Check For Update Now.
2025-10-01 03:49:41,056 [INFO] MicroXplorer:478 - Change Database Version : DB.6.0.30
2025-10-01 03:49:41,201 [INFO] CheckServerUpdateThread:112 - End of CheckServer Thread
2025-10-01 03:49:41,289 [INFO] MainUpdater:2671 - connection check result : 10
2025-10-01 03:49:41,308 [INFO] McuFinderGlobals:52 - Set McuFinderConnectedMode to true
2025-10-01 03:49:41,573 [INFO] ServerAccessManage:362 - Download File mcusAds.json._tmp_
2025-10-01 03:49:41,694 [INFO] LoadUrlFilesThread:145 - End of LoadUrlFiles Thread
2025-10-01 03:49:42,853 [INFO] ServerAccessManage:362 - Download File mcusDocs.json._tmp_
2025-10-01 03:49:43,339 [WARN] MainUpdater:1122 - Updater busy. Cannot search thirdparties
2025-10-01 03:49:43,339 [INFO] ThirdPartyUpdaterWithRetryManager:92 - Updater plugin is busy. [1/15]
2025-10-01 03:49:44,054 [INFO] LoadUrlFilesThread:145 - End of LoadUrlFiles Thread
2025-10-01 03:49:44,267 [INFO] ServerAccessManage:362 - Download File mcusFeaturesAndDescription.json._tmp_
2025-10-01 03:49:45,111 [INFO] LoadUrlFilesThread:145 - End of LoadUrlFiles Thread
2025-10-01 03:49:45,502 [INFO] ServerAccessManage:362 - Download File boardsDocs.json._tmp_
2025-10-01 03:49:45,696 [INFO] LoadUrlFilesThread:145 - End of LoadUrlFiles Thread
2025-10-01 03:49:45,894 [INFO] ServerAccessManage:362 - Download File boards.json._tmp_
2025-10-01 03:49:46,272 [INFO] LoadUrlFilesThread:145 - End of LoadUrlFiles Thread
2025-10-01 03:49:46,349 [WARN] MainUpdater:1122 - Updater busy. Cannot search thirdparties
2025-10-01 03:49:46,349 [INFO] ThirdPartyUpdaterWithRetryManager:92 - Updater plugin is busy. [2/15]
2025-10-01 03:49:48,361 [INFO] ServerAccessManage:362 - Download File cube-finder-db.zip
2025-10-01 03:49:49,355 [WARN] MainUpdater:1122 - Updater busy. Cannot search thirdparties
2025-10-01 03:49:49,355 [INFO] ThirdPartyUpdaterWithRetryManager:92 - Updater plugin is busy. [3/15]
2025-10-01 03:49:49,996 [INFO] FileExtend:235 - Unzip File : cube-finder-db.zip
2025-10-01 03:49:49,996 [INFO] FileExtend:250 - Standard Zip Deflate
2025-10-01 03:49:50,700 [INFO] LoadUrlFilesThread:145 - End of LoadUrlFiles Thread
2025-10-01 03:49:52,078 [INFO] ServerAccessManage:362 - Download File crdb.zip
2025-10-01 03:49:52,356 [WARN] MainUpdater:1122 - Updater busy. Cannot search thirdparties
2025-10-01 03:49:52,356 [INFO] ThirdPartyUpdaterWithRetryManager:92 - Updater plugin is busy. [4/15]
2025-10-01 03:49:53,180 [INFO] FileExtend:235 - Unzip File : crdb.zip
2025-10-01 03:49:53,181 [INFO] FileExtend:250 - Standard Zip Deflate
2025-10-01 03:49:53,318 [INFO] LoadUrlFilesThread:145 - End of LoadUrlFiles Thread
2025-10-01 03:49:55,226 [INFO] ServerAccessManage:362 - Download File tutoVideoDB.zip
2025-10-01 03:49:55,361 [WARN] MainUpdater:1122 - Updater busy. Cannot search thirdparties
2025-10-01 03:49:55,361 [INFO] ThirdPartyUpdaterWithRetryManager:92 - Updater plugin is busy. [5/15]
2025-10-01 03:49:55,372 [INFO] FileExtend:235 - Unzip File : tutoVideoDB.zip
2025-10-01 03:49:55,372 [INFO] FileExtend:250 - Standard Zip Deflate
2025-10-01 03:49:55,500 [INFO] LoadUrlFilesThread:145 - End of LoadUrlFiles Thread
2025-10-01 03:49:55,500 [INFO] DbMcusAds:47 - JSON generation date=Tue Jul 08 15:14:23 ICT 2025 (1751962463524)
2025-10-01 03:49:55,510 [INFO] DbMcusDocs:143 - JSON generation date=Tue Nov 16 23:17:54 ICT 2021 (1637079474)
2025-10-01 03:49:55,511 [INFO] DbMcusXml:100 - Load MCU database from C:\ST\STM32CubeIDE_1.7.0\STM32CubeIDE\plugins\com.st.stm32cube.common.mx_6.3.0.202107141111\\db\/mcu/families.xml
2025-10-01 03:49:56,016 [INFO] DbMcusJson:93 - JSON generation date=Tue Nov 16 23:17:54 ICT 2021 (1637079474)
2025-10-01 03:49:56,459 [INFO] DbMcus:175 - Found 1951 MCUs (1903 are supported by CubeMX, 1914 are visible in CubeMX)
2025-10-01 03:49:56,460 [INFO] ApiDb:251 - Load user favorites file C:\Users\ADMIN/.stm32cubeide/favorites.mcus.txt: 0 item(s)
2025-10-01 03:49:56,460 [INFO] ApiDb:255 - User favorites MCUs=[]
2025-10-01 03:49:56,460 [INFO] DbMcus:187 - Set 0 / 0 favorites MCUs
2025-10-01 03:49:56,649 [INFO] DbMcusDocs:79 - Found 682 MCUs documents
2025-10-01 03:49:56,650 [INFO] ApiDb:276 - Save user favorites file C:\Users\ADMIN/.stm32cubeide/favorites.mcus.txt: 0 item(s)
2025-10-01 03:49:56,650 [INFO] ApiDb:280 - User favorites MCUs=[]
2025-10-01 03:49:56,650 [INFO] DbMcusXml:100 - Load MCU database from C:\ST\STM32CubeIDE_1.7.0\STM32CubeIDE\plugins\com.st.stm32cube.common.mx_6.3.0.202107141111\\db\/mcu/families.xml
2025-10-01 03:49:57,095 [INFO] DbMcusJson:93 - JSON generation date=Tue Nov 16 23:17:54 ICT 2021 (1637079474)
2025-10-01 03:49:57,440 [INFO] DbMcus:175 - Found 1951 MCUs (1903 are supported by CubeMX, 1914 are visible in CubeMX)
2025-10-01 03:49:57,441 [INFO] ApiDb:251 - Load user favorites file C:\Users\ADMIN/.stm32cubeide/favorites.mcus.txt: 0 item(s)
2025-10-01 03:49:57,441 [INFO] ApiDb:255 - User favorites MCUs=[]
2025-10-01 03:49:57,441 [INFO] DbMcus:187 - Set 0 / 0 favorites MCUs
2025-10-01 03:49:57,446 [INFO] DbBoardsDocs:143 - JSON generation date=Tue Nov 16 23:17:54 ICT 2021 (1637079474)
2025-10-01 03:49:57,464 [INFO] DbBoardsPdsc:90 - Found 25 items
2025-10-01 03:49:57,474 [INFO] DbBoardsPdsc:90 - Found 9 items
2025-10-01 03:49:57,486 [INFO] DbBoardsPdsc:90 - Found 33 items
2025-10-01 03:49:57,494 [INFO] DbBoardsPdsc:90 - Found 1 items
2025-10-01 03:49:57,518 [INFO] DbBoardsPdsc:90 - Found 48 items
2025-10-01 03:49:57,536 [INFO] DbBoardsPdsc:90 - Found 43 items
2025-10-01 03:49:57,550 [INFO] DbBoardsPdsc:90 - Found 2 items
2025-10-01 03:49:57,560 [INFO] DbBoardsPdsc:90 - Found 5 items
2025-10-01 03:49:57,565 [WARN] DbBoardsPdsc:254 - Board STM32H7B3I-DK: unknown feature type=Audio, name=, username=Audio stereo codec with Headphone Amp (CS42L51-CNZ), n=1
2025-10-01 03:49:57,565 [WARN] DbBoardsPdsc:254 - Board STM32H735G-DK: unknown feature type=Audio, name=, username=Audio stereo codec with Headphone Amp (WM8994ECS/R), n=1
2025-10-01 03:49:57,566 [WARN] DbBoardsPdsc:254 - Board STM32H7B3I-EVAL: unknown feature type=Audio, name=, username=Multi-Channel Audio Codec (CS42L51-CNZ), n=1
2025-10-01 03:49:57,566 [WARN] DbBoardsPdsc:254 - Board STM32H7B3I-EVAL: unknown feature type=Meter, name=, username=Power-metering and Temperature-monitoring with sigma-delta modulators, n=1
2025-10-01 03:49:57,566 [WARN] DbBoardsPdsc:254 - Board STM32H7B3I-EVAL: unknown feature type=Motor, name=, username=Motor Control, n=1
2025-10-01 03:49:57,566 [WARN] DbBoardsPdsc:254 - Board STM32U575I-EV: unknown feature type=joystick, name=, username=4-direction joystick with selection button, n=1
2025-10-01 03:49:57,578 [INFO] DbBoardsJson:86 - JSON generation date=Tue Nov 16 23:17:54 ICT 2021 (1637079474)
2025-10-01 03:49:57,583 [INFO] DbBoards:117 - Found 167 boards (163 are supported by CubeMX)
2025-10-01 03:49:57,584 [INFO] DbBoardsDocs:143 - JSON generation date=Tue Nov 16 23:17:54 ICT 2021 (1637079474)
2025-10-01 03:49:57,587 [INFO] DbBoardsDocs:79 - Found 209 boards documents
2025-10-01 03:49:57,588 [WARN] DbBoards:127 - board B-L475E-IOT01A2 has no document id list !
2025-10-01 03:49:57,588 [WARN] DbBoards:127 - board NUCLEO-H743ZI has no document id list !
2025-10-01 03:49:57,589 [WARN] DbBoards:127 - board NUCLEO-WL55JC2 has no document id list !
2025-10-01 03:49:57,589 [WARN] DbBoards:127 - board P-NUCLEO-WB55-Nucleo has no document id list !
2025-10-01 03:49:57,589 [WARN] DbBoards:127 - board P-NUCLEO-WB55-USBDongle has no document id list !
2025-10-01 03:49:57,589 [WARN] DbBoards:127 - board STEVAL-BFA001V1B has no document id list !
2025-10-01 03:49:57,589 [WARN] DbBoards:127 - board STEVAL-BFA001V2B has no document id list !
2025-10-01 03:49:57,589 [WARN] DbBoards:127 - board STEVAL-IDP005V1 has no document id list !
2025-10-01 03:49:57,590 [WARN] DbBoards:127 - board STEVAL-IDP005V2 has no document id list !
2025-10-01 03:49:57,590 [WARN] DbBoards:127 - board STEVAL-MKSBOX1V1 has no document id list !
2025-10-01 03:49:57,590 [WARN] DbBoards:127 - board STEVAL-STWINKT1 has no document id list !
2025-10-01 03:49:57,590 [WARN] DbBoards:127 - board STEVAL-STWINKT1B has no document id list !
2025-10-01 03:49:57,590 [WARN] DbBoards:127 - board STM32439I-EVAL2 has no document id list !
2025-10-01 03:49:57,590 [WARN] DbBoards:127 - board STM32F401C-DISCO has no document id list !
2025-10-01 03:49:57,591 [WARN] DbBoards:127 - board STM32F769I-DISC1 has no document id list !
2025-10-01 03:49:57,591 [WARN] DbBoards:127 - board STM32G474E-EVAL1 has no document id list !
2025-10-01 03:49:57,591 [WARN] DbBoards:127 - board STM32H743I-EVAL2 has no document id list !
2025-10-01 03:49:57,591 [WARN] DbBoards:127 - board STM32H747I-DISC1 has no document id list !
2025-10-01 03:49:57,591 [WARN] DbBoards:127 - board STM32H753I-EVAL2 has no document id list !
2025-10-01 03:49:57,592 [WARN] DbBoards:127 - board STM32L-DISCOVERY has no document id list !
2025-10-01 03:49:57,679 [ERROR] DbBoards:189 - Image file not found for board B-U585I-IOT02A: C:\ST\STM32CubeIDE_1.7.0\STM32CubeIDE\plugins\com.st.stm32cube.common.mx_6.3.0.202107141111\\db\/plugins/mcufinder/images/boards/B-U585I-IOT02A_small.jpg
2025-10-01 03:49:57,745 [ERROR] DbBoards:189 - Image file not found for board NUCLEO-F413ZH: C:\ST\STM32CubeIDE_1.7.0\STM32CubeIDE\plugins\com.st.stm32cube.common.mx_6.3.0.202107141111\\db\/plugins/mcufinder/images/boards/nucleo-f413zh_small.jpg
2025-10-01 03:49:57,869 [ERROR] DbBoards:189 - Image file not found for board NUCLEO-L552ZE-Q: C:\ST\STM32CubeIDE_1.7.0\STM32CubeIDE\plugins\com.st.stm32cube.common.mx_6.3.0.202107141111\\db\/plugins/mcufinder/images/boards/nucleo_l552ze_q_small.jpg
2025-10-01 03:49:57,869 [ERROR] DbBoards:189 - Image file not found for board NUCLEO-U575ZI-Q: C:\ST\STM32CubeIDE_1.7.0\STM32CubeIDE\plugins\com.st.stm32cube.common.mx_6.3.0.202107141111\\db\/plugins/mcufinder/images/boards/nucleo-u575zi-q_small.jpg
2025-10-01 03:49:57,869 [ERROR] DbBoards:189 - Image file not found for board NUCLEO-WB15CC: C:\ST\STM32CubeIDE_1.7.0\STM32CubeIDE\plugins\com.st.stm32cube.common.mx_6.3.0.202107141111\\db\/plugins/mcufinder/images/boards/nucleo-wb15cc_small.jpg
2025-10-01 03:49:57,869 [ERROR] DbBoards:189 - Image file not found for board NUCLEO-WB55RG: C:\ST\STM32CubeIDE_1.7.0\STM32CubeIDE\plugins\com.st.stm32cube.common.mx_6.3.0.202107141111\\db\/plugins/mcufinder/images/boards/nucleo-wb55rg_small.jpg
2025-10-01 03:49:58,417 [ERROR] Engine:463 - C:\Users\ADMIN\.stm32cubemx\thirdparties\pdsc\Avnet-IotConnect.X-CUBE-IoTC-DA16k-PMOD.1.0.0.pdsc: PDSC version is not supported
2025-10-01 03:49:58,426 [ERROR] Engine:463 - C:\Users\ADMIN\.stm32cubemx\thirdparties\pdsc\Cesanta.I-CUBE-Mongoose.7.19.0.pdsc: PDSC version is not supported
2025-10-01 03:49:58,433 [ERROR] Engine:463 - C:\Users\ADMIN\.stm32cubemx\thirdparties\pdsc\STMicroelectronics.X-CUBE-FREERTOS.1.3.1.pdsc: PDSC version is not supported
2025-10-01 03:49:58,439 [ERROR] Engine:463 - C:\Users\ADMIN\.stm32cubemx\thirdparties\pdsc\quantropi.X-CUBE-qispace-sdk-base.2.1.0.pdsc: PDSC version is not supported
2025-10-01 03:49:58,447 [ERROR] Engine:463 - C:\Users\ADMIN\.stm32cubemx\thirdparties\pdsc\EmbeddedOffice.I-CUBE-FS-RTOS.1.0.1.pdsc: PDSC version is not supported
2025-10-01 03:49:58,447 [INFO] ThirdParty:915 - Integrity check success = true
2025-10-01 03:49:58,447 [INFO] IntegrityCheckThread:94 - exiting critical section [integrity check]
2025-10-01 03:49:58,447 [INFO] IntegrityCheckThread:97 - End integrity checks thread
2025-10-01 03:49:58,598 [INFO] ApiDb:251 - Load user favorites file C:\Users\ADMIN/.stm32cubeide/favorites.boards.txt: 0 item(s)
2025-10-01 03:49:58,598 [INFO] ApiDb:255 - User favorites Boards=[]
2025-10-01 03:49:58,598 [INFO] DbBoards:206 - Set 0 / 0 favorites Boards
2025-10-01 03:49:58,601 [INFO] DbBoardsDocs:79 - Found 418 boards documents
2025-10-01 03:49:58,601 [INFO] ApiDb:276 - Save user favorites file C:\Users\ADMIN/.stm32cubeide/favorites.boards.txt: 0 item(s)
2025-10-01 03:49:58,601 [INFO] ApiDb:280 - User favorites Boards=[]
2025-10-01 03:49:58,603 [INFO] DbBoardsPdsc:90 - Found 25 items
2025-10-01 03:49:58,605 [INFO] DbBoardsPdsc:90 - Found 9 items
2025-10-01 03:49:58,607 [INFO] DbBoardsPdsc:90 - Found 33 items
2025-10-01 03:49:58,607 [INFO] DbBoardsPdsc:90 - Found 1 items
2025-10-01 03:49:58,607 [INFO] DbBoardsPdsc:90 - Found 48 items
2025-10-01 03:49:58,607 [INFO] DbBoardsPdsc:90 - Found 43 items
2025-10-01 03:49:58,607 [INFO] DbBoardsPdsc:90 - Found 2 items
2025-10-01 03:49:58,615 [INFO] DbBoardsPdsc:90 - Found 5 items
2025-10-01 03:49:58,620 [WARN] DbBoardsPdsc:254 - Board STM32H7B3I-DK: unknown feature type=Audio, name=, username=Audio stereo codec with Headphone Amp (CS42L51-CNZ), n=1
2025-10-01 03:49:58,620 [WARN] DbBoardsPdsc:254 - Board STM32H735G-DK: unknown feature type=Audio, name=, username=Audio stereo codec with Headphone Amp (WM8994ECS/R), n=1
2025-10-01 03:49:58,621 [WARN] DbBoardsPdsc:254 - Board STM32H7B3I-EVAL: unknown feature type=Audio, name=, username=Multi-Channel Audio Codec (CS42L51-CNZ), n=1
2025-10-01 03:49:58,622 [WARN] DbBoardsPdsc:254 - Board STM32H7B3I-EVAL: unknown feature type=Meter, name=, username=Power-metering and Temperature-monitoring with sigma-delta modulators, n=1
2025-10-01 03:49:58,622 [WARN] DbBoardsPdsc:254 - Board STM32H7B3I-EVAL: unknown feature type=Motor, name=, username=Motor Control, n=1
2025-10-01 03:49:58,622 [WARN] DbBoardsPdsc:254 - Board STM32U575I-EV: unknown feature type=joystick, name=, username=4-direction joystick with selection button, n=1
2025-10-01 03:49:58,634 [INFO] DbBoardsJson:86 - JSON generation date=Tue Nov 16 23:17:54 ICT 2021 (1637079474)
2025-10-01 03:49:58,638 [INFO] DbBoards:117 - Found 167 boards (163 are supported by CubeMX)
2025-10-01 03:49:58,638 [WARN] DbBoards:127 - board B-L475E-IOT01A2 has no document id list !
2025-10-01 03:49:58,638 [WARN] DbBoards:127 - board NUCLEO-H743ZI has no document id list !
2025-10-01 03:49:58,639 [WARN] DbBoards:127 - board NUCLEO-WL55JC2 has no document id list !
2025-10-01 03:49:58,639 [WARN] DbBoards:127 - board P-NUCLEO-WB55-Nucleo has no document id list !
2025-10-01 03:49:58,639 [WARN] DbBoards:127 - board P-NUCLEO-WB55-USBDongle has no document id list !
2025-10-01 03:49:58,639 [WARN] DbBoards:127 - board STEVAL-BFA001V1B has no document id list !
2025-10-01 03:49:58,639 [WARN] DbBoards:127 - board STEVAL-BFA001V2B has no document id list !
2025-10-01 03:49:58,639 [WARN] DbBoards:127 - board STEVAL-IDP005V1 has no document id list !
2025-10-01 03:49:58,639 [WARN] DbBoards:127 - board STEVAL-IDP005V2 has no document id list !
2025-10-01 03:49:58,639 [WARN] DbBoards:127 - board STEVAL-MKSBOX1V1 has no document id list !
2025-10-01 03:49:58,639 [WARN] DbBoards:127 - board STEVAL-STWINKT1 has no document id list !
2025-10-01 03:49:58,639 [WARN] DbBoards:127 - board STEVAL-STWINKT1B has no document id list !
2025-10-01 03:49:58,639 [WARN] DbBoards:127 - board STM32439I-EVAL2 has no document id list !
2025-10-01 03:49:58,639 [WARN] DbBoards:127 - board STM32F401C-DISCO has no document id list !
2025-10-01 03:49:58,639 [WARN] DbBoards:127 - board STM32F769I-DISC1 has no document id list !
2025-10-01 03:49:58,639 [WARN] DbBoards:127 - board STM32G474E-EVAL1 has no document id list !
2025-10-01 03:49:58,639 [WARN] DbBoards:127 - board STM32H743I-EVAL2 has no document id list !
2025-10-01 03:49:58,639 [WARN] DbBoards:127 - board STM32H747I-DISC1 has no document id list !
2025-10-01 03:49:58,639 [WARN] DbBoards:127 - board STM32H753I-EVAL2 has no document id list !
2025-10-01 03:49:58,639 [WARN] DbBoards:127 - board STM32L-DISCOVERY has no document id list !
2025-10-01 03:49:58,690 [ERROR] DbBoards:189 - Image file not found for board B-U585I-IOT02A: C:\ST\STM32CubeIDE_1.7.0\STM32CubeIDE\plugins\com.st.stm32cube.common.mx_6.3.0.202107141111\\db\/plugins/mcufinder/images/boards/B-U585I-IOT02A_small.jpg
2025-10-01 03:49:58,740 [ERROR] DbBoards:189 - Image file not found for board NUCLEO-F413ZH: C:\ST\STM32CubeIDE_1.7.0\STM32CubeIDE\plugins\com.st.stm32cube.common.mx_6.3.0.202107141111\\db\/plugins/mcufinder/images/boards/nucleo-f413zh_small.jpg
2025-10-01 03:49:58,852 [ERROR] DbBoards:189 - Image file not found for board NUCLEO-L552ZE-Q: C:\ST\STM32CubeIDE_1.7.0\STM32CubeIDE\plugins\com.st.stm32cube.common.mx_6.3.0.202107141111\\db\/plugins/mcufinder/images/boards/nucleo_l552ze_q_small.jpg
2025-10-01 03:49:58,852 [ERROR] DbBoards:189 - Image file not found for board NUCLEO-U575ZI-Q: C:\ST\STM32CubeIDE_1.7.0\STM32CubeIDE\plugins\com.st.stm32cube.common.mx_6.3.0.202107141111\\db\/plugins/mcufinder/images/boards/nucleo-u575zi-q_small.jpg
2025-10-01 03:49:58,852 [ERROR] DbBoards:189 - Image file not found for board NUCLEO-WB15CC: C:\ST\STM32CubeIDE_1.7.0\STM32CubeIDE\plugins\com.st.stm32cube.common.mx_6.3.0.202107141111\\db\/plugins/mcufinder/images/boards/nucleo-wb15cc_small.jpg
2025-10-01 03:49:58,852 [ERROR] DbBoards:189 - Image file not found for board NUCLEO-WB55RG: C:\ST\STM32CubeIDE_1.7.0\STM32CubeIDE\plugins\com.st.stm32cube.common.mx_6.3.0.202107141111\\db\/plugins/mcufinder/images/boards/nucleo-wb55rg_small.jpg
2025-10-01 03:49:59,331 [INFO] ApiDb:251 - Load user favorites file C:\Users\ADMIN/.stm32cubeide/favorites.boards.txt: 0 item(s)
2025-10-01 03:49:59,331 [INFO] ApiDb:255 - User favorites Boards=[]
2025-10-01 03:49:59,331 [INFO] DbBoards:206 - Set 0 / 0 favorites Boards
2025-10-01 03:49:59,340 [INFO] LoadUrlFilesThread:172 - End of LoadServerUrlFiles without Thread
2025-10-01 03:49:59,340 [INFO] TargetSelectorAdapter:224 - Refresh data is successful
2025-10-01 03:49:59,427 [INFO] ApiDb:479 - Connected to CubeFinder SQLite database (C:\Users\ADMIN\.stmcufinder\plugins\mcufinder\mcu\cube-finder-db.db)
2025-10-01 03:49:59,927 [ERROR] DbExamplesSqlite:446 - Missing JSON key: board_cpn
2025-10-01 03:49:59,928 [ERROR] DbExamplesSqlite:446 - Missing JSON key: board_cpn
2025-10-01 03:49:59,928 [ERROR] DbExamplesSqlite:446 - Missing JSON key: board_cpn
2025-10-01 03:49:59,928 [ERROR] DbExamplesSqlite:446 - Missing JSON key: board_cpn
2025-10-01 03:50:00,100 [ERROR] DbExamplesSqlite:446 - Missing JSON key: board_cpn
2025-10-01 03:50:00,100 [ERROR] DbExamplesSqlite:446 - Missing JSON key: board_cpn
2025-10-01 03:50:00,102 [INFO] DbExamplesSqlite:411 - Ignored 33 examples not supported by CubeIDE
2025-10-01 03:50:00,102 [INFO] DbExamplesSqlite:412 - Found 10871 examples active
2025-10-01 03:50:00,102 [INFO] DbExamplesSqlite:413 - Found 0 examples obsolete
2025-10-01 03:50:00,102 [INFO] DbExamplesSqlite:414 - Found 0 examples under development
2025-10-01 03:50:00,103 [INFO] DbExamplesSqlite:415 - Found 65 examples not building
2025-10-01 03:50:00,149 [INFO] DbExamplesSqlite:108 - CubeFinder database Data Model version=2.1
2025-10-01 03:50:00,149 [INFO] DbExamplesSqlite:109 - CubeFinder database Configuration version=3.0.39
2025-10-01 03:50:00,149 [INFO] DbExamplesSqlite:110 - CubeFinder database generation date=2025-08-25 (1756130511)
2025-10-01 03:50:00,149 [INFO] DbExamplesSqlite:111 - CubeFinder database FW Pack versions=[FP-ATR-ASTRA1_V2.0.0, FP-SNS-FLIGHT1_V5.1.0, FP-SNS-MOTENV1_V5.0.0, FP-SNS-MOTENVWB1_V1.4.0, FP-SNS-SMARTAG2_V1.2.0, FP-SNS-STBOX1_V2.1.0, STM32Cube_FW_C0_V1.4.0, STM32Cube_FW_F4_V1.28.3, STM32Cube_FW_F7_V1.17.4, STM32Cube_FW_G0_V1.6.2, STM32Cube_FW_G4_V1.6.1, STM32Cube_FW_H5_V1.5.0, STM32Cube_FW_H7RS_V1.2.0, STM32Cube_FW_H7_V1.12.1, STM32Cube_FW_L0_V1.12.2, STM32Cube_FW_L4_V1.18.1, STM32Cube_FW_L5_V1.5.1, STM32Cube_FW_N6_V1.2.0, STM32Cube_FW_U0_V1.3.0, STM32Cube_FW_U3_V1.2.0, STM32Cube_FW_U5_V1.8.0, STM32Cube_FW_WB0_V1.3.0, STM32Cube_FW_WBA_V1.7.0, STM32Cube_FW_WB_V1.23.0, STM32Cube_FW_WL3_V1.2.0, STM32Cube_FW_WL_V1.3.1, X-CUBE-ALGOBUILD_V1.4.0, X-CUBE-ALS_V1.0.2, X-CUBE-AZRTOS-F4_V1.1.0, X-CUBE-AZRTOS-F7_V1.1.0, X-CUBE-AZRTOS-G0_V1.1.0, X-CUBE-AZRTOS-G4_V2.0.0, X-CUBE-AZRTOS-H7RS_V1.1.0, X-CUBE-AZRTOS-H7_V3.4.0, X-CUBE-AZRTOS-L4_V2.0.0, X-CUBE-AZRTOS-L5_V2.0.0, X-CUBE-AZRTOS-WB_V2.0.0, X-CUBE-AZRTOS-WL_V2.0.0, X-CUBE-BLE1_V7.1.0, X-CUBE-BLE2_V3.3.0, X-CUBE-BLEMGR_V4.1.0, X-CUBE-EEPRMA1_V5.2.0, X-CUBE-FREERTOS_V1.3.1, X-CUBE-GNSS1_V6.0.0, X-CUBE-MEMS1_V11.3.0, X-CUBE-NFC4_V3.0.0, X-CUBE-NFC7_V2.0.0, X-CUBE-SFXS2LP1_V4.0.0, X-CUBE-ST67W61_V1.0.0, X-CUBE-SUBG2_V5.0.0, X-CUBE-TOF1_V3.4.3]
2025-10-01 03:50:00,150 [INFO] DbExamples:130 - Found 10903 examples
2025-10-01 03:50:00,915 [ERROR] DbExamples:206 - Found 10903 examples with invalid data (board or MCU)
2025-10-01 03:50:00,915 [INFO] DbExamples:222 - Found 97 boards with related examples
2025-10-01 03:50:00,915 [INFO] DbExamples:235 - Found 0 MCUs with related examples
2025-10-01 03:50:00,931 [INFO] ApiDb:242 - User favorites file not found: C:\Users\ADMIN/.stm32cubeide/favorites.examples.txt
2025-10-01 03:50:00,931 [INFO] DbExamples:256 - Set 0 / 0 favorites Examples
2025-10-01 03:50:01,138 [INFO] McuFinderGlobals:52 - Set McuFinderConnectedMode to false
2025-10-01 03:50:01,195 [INFO] CrossSelectorPresenter:1330 - Cross Selector saved comparison directory: C:\Users\ADMIN\.stmcufinder\plugins\mcufinder\mcu\cs_comparisons_mx
2025-10-01 03:50:01,198 [INFO] MultiScanPanel:197 - Auto-refresh data requested => check proxy status ongoing
2025-10-01 03:50:01,198 [INFO] MultiScanPanel:201 - Proxy status is invalid
2025-10-01 03:50:01,200 [INFO] FinderPluginLoader:87 - Searching for filters in installed packs
2025-10-01 03:50:01,512 [INFO] DetailPanel:309 - Set advertising image to C:/Users/ADMIN/STM32Cube/Repository/\en.2400x1350px.jpeg
2025-10-01 03:51:15,547 [INFO] MainUpdater:2671 - connection check result : 10
2025-10-01 03:51:15,548 [INFO] MainUpdater:2671 - connection check result : 10
2025-10-01 03:51:15,587 [INFO] MicroXplorer:448 - Change Database Path : 
2025-10-01 03:51:15,587 [INFO] MicroXplorer:478 - Change Database Version : DB.6.0.30
2025-10-01 03:51:15,587 [WARN] ThirdParty:813 - waiting for thirdparty lock release [close project]
2025-10-01 03:51:15,587 [INFO] ThirdParty:815 - entering critical section [close project]
2025-10-01 03:51:15,588 [INFO] ThirdParty:825 - exiting critical section [close project]
2025-10-01 03:51:15,589 [INFO] PinOutPanel:1463 - setPackage(No Configuration,No Configuration)
2025-10-01 03:51:15,590 [INFO] UtilMem:74 - Begin LoadConfig() Used Memory: 323859952 Bytes (621805568)
2025-10-01 03:51:15,590 [INFO] MicroXplorer:448 - Change Database Path : 
2025-10-01 03:51:15,590 [INFO] MicroXplorer:478 - Change Database Version : DB.6.0.30
2025-10-01 03:51:15,591 [INFO] OpenFileManager:313 - Change cursor
2025-10-01 03:51:16,099 [INFO] Context:592 - Trying to add GPIOservice into a context  which must be forbidden
2025-10-01 03:51:16,231 [INFO] ImportTextPane:167 - (OptionalMessage_ERROR) Unable to find key (Mcu.ThirdPartyNb) in loaded IOC file
2025-10-01 03:51:16,231 [INFO] ImportTextPane:167 - (OptionalMessage_ERROR) Unable to find key (Mcu.PinsNb) in loaded IOC file
2025-10-01 03:51:16,231 [INFO] ImportTextPane:167 - (OptionalMessage_ERROR) Unable to find key (Mcu.IPNb) in loaded IOC file
2025-10-01 03:51:16,256 [INFO] RtosManager:484 - Registered RTOS mode: class=CMSIS, group=RTOS, mode=CMSIS_V1, owner=FREERTOS
2025-10-01 03:51:16,256 [INFO] RtosManager:484 - Registered RTOS mode: class=CMSIS, group=RTOS2, mode=CMSIS_V2, owner=FREERTOS
2025-10-01 03:51:16,256 [INFO] RtosManager:484 - Registered RTOS mode: class=RTOS, group=Core, mode=CMSIS_V1, owner=FREERTOS
2025-10-01 03:51:16,256 [INFO] RtosManager:484 - Registered RTOS mode: class=RTOS, group=Core, mode=CMSIS_V2, owner=FREERTOS
2025-10-01 03:51:16,256 [WARN] ModelIntegratedComponent:181 - Missing modes for component STMicroelectronics:FreeRTOS:0.0.1:STMicroelectronics:RTOS:FreeRTOS:Core:::10.2.0:
2025-10-01 03:51:16,258 [WARN] ModelIntegratedComponent:60 - No mode defined for component null
2025-10-01 03:51:16,258 [WARN] ModelIntegratedComponent:60 - No mode defined for component null
2025-10-01 03:51:16,258 [WARN] ModelIntegratedComponent:60 - No mode defined for component null
2025-10-01 03:51:16,258 [WARN] ModelIntegratedComponent:60 - No mode defined for component null
2025-10-01 03:51:16,258 [WARN] ModelIntegratedComponent:60 - No mode defined for component null
2025-10-01 03:51:16,259 [WARN] ModelIntegratedComponent:60 - No mode defined for component null
2025-10-01 03:51:16,259 [WARN] ModelIntegratedComponent:60 - No mode defined for component null
2025-10-01 03:51:16,259 [WARN] ModelIntegratedComponent:60 - No mode defined for component null
2025-10-01 03:51:16,259 [WARN] ModelIntegratedComponent:60 - No mode defined for component null
2025-10-01 03:51:16,259 [WARN] ModelIntegratedComponent:60 - No mode defined for component null
2025-10-01 03:51:16,259 [WARN] ModelIntegratedComponent:60 - No mode defined for component null
2025-10-01 03:51:16,259 [WARN] ModelIntegratedComponent:60 - No mode defined for component null
2025-10-01 03:51:16,259 [WARN] ModelIntegratedComponent:60 - No mode defined for component null
2025-10-01 03:51:16,259 [WARN] ModelIntegratedComponent:60 - No mode defined for component null
2025-10-01 03:51:16,259 [WARN] ModelIntegratedComponent:60 - No mode defined for component null
2025-10-01 03:51:16,259 [WARN] ModelIntegratedComponent:60 - No mode defined for component null
2025-10-01 03:51:16,259 [WARN] ModelIntegratedComponent:60 - No mode defined for component null
2025-10-01 03:51:16,259 [WARN] ModelIntegratedComponent:60 - No mode defined for component null
2025-10-01 03:51:16,259 [WARN] ModelIntegratedComponent:60 - No mode defined for component null
2025-10-01 03:51:16,259 [WARN] ModelIntegratedComponent:60 - No mode defined for component null
2025-10-01 03:51:16,259 [WARN] ModelIntegratedComponent:60 - No mode defined for component null
2025-10-01 03:51:16,259 [WARN] ModelIntegratedComponent:60 - No mode defined for component null
2025-10-01 03:51:16,259 [WARN] ModelIntegratedComponent:60 - No mode defined for component null
2025-10-01 03:51:16,259 [WARN] ModelIntegratedComponent:60 - No mode defined for component null
2025-10-01 03:51:16,259 [WARN] ModelIntegratedComponent:60 - No mode defined for component null
2025-10-01 03:51:16,259 [WARN] ModelIntegratedComponent:60 - No mode defined for component null
2025-10-01 03:51:16,259 [WARN] ModelIntegratedComponent:60 - No mode defined for component null
2025-10-01 03:51:16,260 [WARN] ModelIntegratedComponent:60 - No mode defined for component null
2025-10-01 03:51:16,260 [WARN] ModelIntegratedComponent:60 - No mode defined for component null
2025-10-01 03:51:16,260 [WARN] ModelIntegratedComponent:60 - No mode defined for component null
2025-10-01 03:51:16,260 [WARN] ModelIntegratedComponent:60 - No mode defined for component null
2025-10-01 03:51:16,326 [INFO] UtilMem:74 - End LoadConfig() Used Memory: 317513696 Bytes (621805568)
2025-10-01 03:51:16,335 [WARN] ThirdParty:779 - waiting for thirdparty lock release [change project]
2025-10-01 03:51:16,335 [INFO] ThirdParty:781 - entering critical section [change project]
2025-10-01 03:51:16,335 [INFO] ThirdParty:967 - CMSIS Pack Vendor :STMicroelectronics USB_HOST 2.0.0
2025-10-01 03:51:16,335 [INFO] ThirdParty:967 - CMSIS Pack Vendor :STMicroelectronics FreeRTOS 0.0.1
2025-10-01 03:51:16,335 [INFO] ThirdParty:967 - CMSIS Pack Vendor :STMicroelectronics USB_DEVICE 1.0.0
2025-10-01 03:51:16,335 [INFO] ThirdParty:967 - CMSIS Pack Vendor :STMicroelectronics USB_DEVICE 3.0.0
2025-10-01 03:51:16,335 [INFO] ThirdParty:967 - CMSIS Pack Vendor :STMicroelectronics HAL Drivers 0.0.0
2025-10-01 03:51:16,335 [INFO] ThirdParty:967 - CMSIS Pack Vendor :STMicroelectronics MBEDTLS 2.16.2
2025-10-01 03:51:16,335 [INFO] ThirdParty:967 - CMSIS Pack Vendor :STMicroelectronics ThreadX 0.0.2
2025-10-01 03:51:16,335 [INFO] ThirdParty:967 - CMSIS Pack Vendor :STMicroelectronics lwIP 2.0.3
2025-10-01 03:51:16,335 [INFO] ThirdParty:967 - CMSIS Pack Vendor :STMicroelectronics lwIP 2.1.2
2025-10-01 03:51:16,335 [INFO] ThirdParty:967 - CMSIS Pack Vendor :STMicroelectronics MBEDTLS 2.14.1
2025-10-01 03:51:16,335 [INFO] ThirdParty:967 - CMSIS Pack Vendor :STMicroelectronics USB_HOST 1.0.0
2025-10-01 03:51:16,335 [INFO] ThirdParty:967 - CMSIS Pack Vendor :STMicroelectronics PDM2PCM 3.1.0
2025-10-01 03:51:16,335 [INFO] ThirdParty:967 - CMSIS Pack Vendor :STMicroelectronics PDM2PCM 3.2.0
2025-10-01 03:51:16,335 [INFO] ThirdParty:967 - CMSIS Pack Vendor :STMicroelectronics USB_DEVICE 2.0.0
2025-10-01 03:51:16,335 [INFO] ThirdParty:967 - CMSIS Pack Vendor :STMicroelectronics PDM2PCM 3.3.0
2025-10-01 03:51:16,336 [INFO] ThirdParty:787 - exiting critical section [change project]
2025-10-01 03:51:16,465 [INFO] PinOutPanel:1463 - setPackage(No Configuration,No Configuration)
2025-10-01 03:51:16,465 [INFO] PinOutPanel:1463 - setPackage(STM32F103C6Ux,UFQFPN48)
2025-10-01 03:51:16,689 [INFO] UtilMem:74 - Before build in PCC Used Memory: 324459680 Bytes (621805568)
2025-10-01 03:51:17,042 [INFO] UtilMem:74 - After build in PCC Used Memory: 406248608 Bytes (621805568)
2025-10-01 03:51:17,053 [INFO] IPUIPlugin:74 - create IPUIPlugin
2025-10-01 03:51:17,053 [INFO] IPUIPlugin:74 - create IPUIPlugin
2025-10-01 03:51:17,053 [INFO] IPUIPlugin:74 - create IPUIPlugin
2025-10-01 03:51:17,053 [INFO] IPUIPlugin:74 - create IPUIPlugin
2025-10-01 03:51:17,053 [INFO] IPUIPlugin:74 - create IPUIPlugin
2025-10-01 03:51:17,053 [INFO] IPUIPlugin:74 - create IPUIPlugin
2025-10-01 03:51:17,053 [INFO] IPUIPlugin:74 - create IPUIPlugin
2025-10-01 03:51:17,053 [INFO] IPUIPlugin:74 - create IPUIPlugin
2025-10-01 03:51:17,053 [INFO] IPUIPlugin:74 - create IPUIPlugin
2025-10-01 03:51:17,053 [INFO] IPUIPlugin:74 - create IPUIPlugin
2025-10-01 03:51:17,053 [INFO] IPUIPlugin:74 - create IPUIPlugin
2025-10-01 03:51:17,053 [INFO] IPUIPlugin:74 - create IPUIPlugin
2025-10-01 03:51:17,053 [INFO] IPUIPlugin:74 - create IPUIPlugin
2025-10-01 03:51:17,055 [INFO] IPUIPlugin:74 - create IPUIPlugin
2025-10-01 03:51:17,055 [INFO] IPUIPlugin:74 - create IPUIPlugin
2025-10-01 03:51:17,055 [INFO] IPUIPlugin:74 - create IPUIPlugin
2025-10-01 03:51:17,055 [INFO] IPUIPlugin:74 - create IPUIPlugin
2025-10-01 03:51:17,055 [INFO] IPUIPlugin:74 - create IPUIPlugin
2025-10-01 03:51:17,055 [INFO] IPUIPlugin:74 - create IPUIPlugin
2025-10-01 03:51:17,056 [INFO] IPUIPlugin:74 - create IPUIPlugin
2025-10-01 03:51:17,056 [INFO] IPUIPlugin:74 - create IPUIPlugin
2025-10-01 03:51:17,056 [INFO] IPUIPlugin:74 - create IPUIPlugin
2025-10-01 03:51:17,056 [INFO] IPUIPlugin:74 - create IPUIPlugin
2025-10-01 03:51:17,125 [INFO] OpenFileManager:333 - Restore cursor
2025-10-01 03:51:17,277 [INFO] UtilMem:74 - End SaveConfig() Used Memory: 472308896 Bytes (621805568)
2025-10-01 03:51:17,301 [INFO] UtilMem:74 - End SaveConfig() Used Memory: 484891808 Bytes (621805568)
2025-10-01 03:51:17,500 [INFO] BlockDiagram:2740 - set Specific Code input for plugin: NVIC
2025-10-01 03:51:17,500 [INFO] BlockDiagram:2740 - set Specific Code input for plugin: SYS
2025-10-01 03:51:17,500 [INFO] BlockDiagram:2740 - set Specific Code input for plugin: RCC
2025-10-01 03:51:17,500 [INFO] CodeGenerator:663 - code generatio: config db path: C:\ST\STM32CubeIDE_1.7.0\STM32CubeIDE\plugins\com.st.stm32cube.common.mx_6.3.0.202107141111\\db\
2025-10-01 03:51:17,656 [INFO] CodeEngine:239 - oldGeneratedFile, C:\Users\ADMIN\Documents\Study\VXL-VDK\VXL_VDK_Lab2\STM32\VDK_VXL_Lab2\MXTmpFiles\license.tmp_save
2025-10-01 03:51:17,843 [INFO] CodeEngine:257 - Generated code: C:\Users\ADMIN\Documents\Study\VXL-VDK\VXL_VDK_Lab2\STM32\VDK_VXL_Lab2\MXTmpFiles\license.tmp
2025-10-01 03:51:17,926 [INFO] CodeEngine:239 - oldGeneratedFile, C:\Users\ADMIN\Documents\Study\VXL-VDK\VXL_VDK_Lab2\STM32\VDK_VXL_Lab2\Core\Src\stm32f1xx_it.c_save
2025-10-01 03:51:18,027 [INFO] CodeEngine:257 - Generated code: C:\Users\ADMIN\Documents\Study\VXL-VDK\VXL_VDK_Lab2\STM32\VDK_VXL_Lab2\Core\Src\stm32f1xx_it.c
2025-10-01 03:51:18,034 [INFO] CodeEngine:239 - oldGeneratedFile, C:\Users\ADMIN\Documents\Study\VXL-VDK\VXL_VDK_Lab2\STM32\VDK_VXL_Lab2\Core\Inc\stm32f1xx_it.h_save
2025-10-01 03:51:18,100 [INFO] CodeEngine:257 - Generated code: C:\Users\ADMIN\Documents\Study\VXL-VDK\VXL_VDK_Lab2\STM32\VDK_VXL_Lab2\Core\Inc\stm32f1xx_it.h
2025-10-01 03:51:18,107 [INFO] CodeEngine:239 - oldGeneratedFile, C:\Users\ADMIN\Documents\Study\VXL-VDK\VXL_VDK_Lab2\STM32\VDK_VXL_Lab2\Core\Src\stm32f1xx_hal_msp.c_save
2025-10-01 03:51:18,197 [INFO] CodeEngine:257 - Generated code: C:\Users\ADMIN\Documents\Study\VXL-VDK\VXL_VDK_Lab2\STM32\VDK_VXL_Lab2\Core\Src\stm32f1xx_hal_msp.c
2025-10-01 03:51:18,204 [INFO] CodeEngine:239 - oldGeneratedFile, C:\Users\ADMIN\Documents\Study\VXL-VDK\VXL_VDK_Lab2\STM32\VDK_VXL_Lab2\MXTmpFiles\system.tmp_save
2025-10-01 03:51:18,258 [INFO] CodeEngine:257 - Generated code: C:\Users\ADMIN\Documents\Study\VXL-VDK\VXL_VDK_Lab2\STM32\VDK_VXL_Lab2\MXTmpFiles\system.tmp
2025-10-01 03:51:18,270 [INFO] CodeEngine:239 - oldGeneratedFile, C:\Users\ADMIN\Documents\Study\VXL-VDK\VXL_VDK_Lab2\STM32\VDK_VXL_Lab2\Core\Inc\stm32f1xx_hal_conf.h_save
2025-10-01 03:51:18,330 [INFO] CodeEngine:257 - Generated code: C:\Users\ADMIN\Documents\Study\VXL-VDK\VXL_VDK_Lab2\STM32\VDK_VXL_Lab2\Core\Inc\stm32f1xx_hal_conf.h
2025-10-01 03:51:18,364 [INFO] CodeEngine:239 - oldGeneratedFile, C:\Users\ADMIN\Documents\Study\VXL-VDK\VXL_VDK_Lab2\STM32\VDK_VXL_Lab2\Core\Inc\main.h_save
2025-10-01 03:51:18,428 [INFO] CodeEngine:257 - Generated code: C:\Users\ADMIN\Documents\Study\VXL-VDK\VXL_VDK_Lab2\STM32\VDK_VXL_Lab2\Core\Inc\main.h
2025-10-01 03:51:18,436 [INFO] CodeEngine:239 - oldGeneratedFile, C:\Users\ADMIN\Documents\Study\VXL-VDK\VXL_VDK_Lab2\STM32\VDK_VXL_Lab2\Core\Src\main.c_save
2025-10-01 03:51:18,520 [INFO] CodeEngine:257 - Generated code: C:\Users\ADMIN\Documents\Study\VXL-VDK\VXL_VDK_Lab2\STM32\VDK_VXL_Lab2\Core\Src\main.c
2025-10-01 03:51:18,973 [INFO] ProjectBuilder:2578 - Time for Copy HAL[1] : 61mS.
2025-10-01 03:51:18,978 [INFO] ProjectBuilder:3622 - Project Generator version: 3.14.1
2025-10-01 03:51:19,235 [INFO] ConfigFileManager:1271 - The Die is : DIE412
2025-10-01 03:51:19,255 [INFO] ApiDbMcu:468 - Load IP Config File for FATFS
2025-10-01 03:51:19,294 [INFO] ApiDbMcu:468 - Load IP Config File for FREERTOS
2025-10-01 03:51:19,316 [INFO] ApiDbMcu:468 - Load IP Config File for USB_DEVICE
2025-10-01 03:51:22,790 [INFO] ProjectBuilder:3789 - Time for Generating toolchain IDE Files: 3812mS.
2025-10-01 03:51:22,790 [INFO] ProjectBuilder:2457 - Time for Copy CMSIS : 0mS.
2025-10-01 03:51:22,792 [INFO] ProjectBuilder:2457 - Time for Copy CMSIS : 0mS.
2025-10-01 03:51:23,400 [INFO] McuFinderGlobals:52 - Set McuFinderConnectedMode to true
2025-10-01 03:51:23,401 [INFO] ApiDb:276 - Save user favorites file C:\Users\ADMIN/.stm32cubeide/favorites.mcus.txt: 0 item(s)
2025-10-01 03:51:23,401 [INFO] ApiDb:280 - User favorites MCUs=[]
2025-10-01 03:53:29,934 [INFO] MainUpdater:2671 - connection check result : 10
2025-10-01 03:53:29,934 [INFO] MainUpdater:2671 - connection check result : 10
2025-10-01 03:53:29,959 [INFO] MicroXplorer:448 - Change Database Path : 
2025-10-01 03:53:29,959 [INFO] MicroXplorer:478 - Change Database Version : DB.6.0.30
2025-10-01 03:53:29,959 [WARN] ThirdParty:813 - waiting for thirdparty lock release [close project]
2025-10-01 03:53:29,959 [INFO] ThirdParty:815 - entering critical section [close project]
2025-10-01 03:53:29,959 [INFO] ThirdParty:825 - exiting critical section [close project]
2025-10-01 03:53:29,959 [INFO] PinOutPanel:1463 - setPackage(No Configuration,No Configuration)
2025-10-01 03:53:29,965 [INFO] UtilMem:74 - Begin LoadConfig() Used Memory: 659999544 Bytes (747634688)
2025-10-01 03:53:29,965 [INFO] MicroXplorer:448 - Change Database Path : 
2025-10-01 03:53:29,965 [INFO] MicroXplorer:478 - Change Database Version : DB.6.0.30
2025-10-01 03:53:29,966 [INFO] OpenFileManager:313 - Change cursor
2025-10-01 03:53:29,973 [INFO] RulesReader:57 - Compatibility file has been processed (242 Rules)
2025-10-01 03:53:30,256 [INFO] Context:592 - Trying to add GPIOservice into a context  which must be forbidden
2025-10-01 03:53:30,337 [INFO] RtosManager:484 - Registered RTOS mode: class=CMSIS, group=RTOS, mode=CMSIS_V1, owner=FREERTOS
2025-10-01 03:53:30,337 [INFO] RtosManager:484 - Registered RTOS mode: class=CMSIS, group=RTOS2, mode=CMSIS_V2, owner=FREERTOS
2025-10-01 03:53:30,337 [INFO] RtosManager:484 - Registered RTOS mode: class=RTOS, group=Core, mode=CMSIS_V1, owner=FREERTOS
2025-10-01 03:53:30,339 [INFO] RtosManager:484 - Registered RTOS mode: class=RTOS, group=Core, mode=CMSIS_V2, owner=FREERTOS
2025-10-01 03:53:30,339 [WARN] ModelIntegratedComponent:181 - Missing modes for component STMicroelectronics:FreeRTOS:0.0.1:STMicroelectronics:RTOS:FreeRTOS:Core:::10.2.0:
2025-10-01 03:53:30,339 [WARN] ModelIntegratedComponent:60 - No mode defined for component null
2025-10-01 03:53:30,339 [WARN] ModelIntegratedComponent:60 - No mode defined for component null
2025-10-01 03:53:30,339 [WARN] ModelIntegratedComponent:60 - No mode defined for component null
2025-10-01 03:53:30,339 [WARN] ModelIntegratedComponent:60 - No mode defined for component null
2025-10-01 03:53:30,339 [WARN] ModelIntegratedComponent:60 - No mode defined for component null
2025-10-01 03:53:30,339 [WARN] ModelIntegratedComponent:60 - No mode defined for component null
2025-10-01 03:53:30,339 [WARN] ModelIntegratedComponent:60 - No mode defined for component null
2025-10-01 03:53:30,339 [WARN] ModelIntegratedComponent:60 - No mode defined for component null
2025-10-01 03:53:30,339 [WARN] ModelIntegratedComponent:60 - No mode defined for component null
2025-10-01 03:53:30,339 [WARN] ModelIntegratedComponent:60 - No mode defined for component null
2025-10-01 03:53:30,339 [WARN] ModelIntegratedComponent:60 - No mode defined for component null
2025-10-01 03:53:30,339 [WARN] ModelIntegratedComponent:60 - No mode defined for component null
2025-10-01 03:53:30,340 [WARN] ModelIntegratedComponent:60 - No mode defined for component null
2025-10-01 03:53:30,340 [WARN] ModelIntegratedComponent:60 - No mode defined for component null
2025-10-01 03:53:30,340 [WARN] ModelIntegratedComponent:60 - No mode defined for component null
2025-10-01 03:53:30,340 [WARN] ModelIntegratedComponent:60 - No mode defined for component null
2025-10-01 03:53:30,340 [WARN] ModelIntegratedComponent:60 - No mode defined for component null
2025-10-01 03:53:30,340 [WARN] ModelIntegratedComponent:60 - No mode defined for component null
2025-10-01 03:53:30,340 [WARN] ModelIntegratedComponent:60 - No mode defined for component null
2025-10-01 03:53:30,340 [WARN] ModelIntegratedComponent:60 - No mode defined for component null
2025-10-01 03:53:30,340 [WARN] ModelIntegratedComponent:60 - No mode defined for component null
2025-10-01 03:53:30,340 [WARN] ModelIntegratedComponent:60 - No mode defined for component null
2025-10-01 03:53:30,340 [WARN] ModelIntegratedComponent:60 - No mode defined for component null
2025-10-01 03:53:30,340 [WARN] ModelIntegratedComponent:60 - No mode defined for component null
2025-10-01 03:53:30,340 [WARN] ModelIntegratedComponent:60 - No mode defined for component null
2025-10-01 03:53:30,340 [WARN] ModelIntegratedComponent:60 - No mode defined for component null
2025-10-01 03:53:30,340 [WARN] ModelIntegratedComponent:60 - No mode defined for component null
2025-10-01 03:53:30,341 [WARN] ModelIntegratedComponent:60 - No mode defined for component null
2025-10-01 03:53:30,341 [WARN] ModelIntegratedComponent:60 - No mode defined for component null
2025-10-01 03:53:30,341 [WARN] ModelIntegratedComponent:60 - No mode defined for component null
2025-10-01 03:53:30,341 [WARN] ModelIntegratedComponent:60 - No mode defined for component null
2025-10-01 03:53:30,388 [INFO] UtilMem:74 - End LoadConfig() Used Memory: 663944536 Bytes (747634688)
2025-10-01 03:53:30,389 [WARN] ThirdParty:779 - waiting for thirdparty lock release [change project]
2025-10-01 03:53:30,389 [INFO] ThirdParty:781 - entering critical section [change project]
2025-10-01 03:53:30,389 [INFO] ThirdParty:967 - CMSIS Pack Vendor :STMicroelectronics USB_HOST 2.0.0
2025-10-01 03:53:30,389 [INFO] ThirdParty:967 - CMSIS Pack Vendor :STMicroelectronics FreeRTOS 0.0.1
2025-10-01 03:53:30,389 [INFO] ThirdParty:967 - CMSIS Pack Vendor :STMicroelectronics USB_DEVICE 1.0.0
2025-10-01 03:53:30,389 [INFO] ThirdParty:967 - CMSIS Pack Vendor :STMicroelectronics USB_DEVICE 3.0.0
2025-10-01 03:53:30,389 [INFO] ThirdParty:967 - CMSIS Pack Vendor :STMicroelectronics HAL Drivers 0.0.0
2025-10-01 03:53:30,389 [INFO] ThirdParty:967 - CMSIS Pack Vendor :STMicroelectronics MBEDTLS 2.16.2
2025-10-01 03:53:30,389 [INFO] ThirdParty:967 - CMSIS Pack Vendor :STMicroelectronics ThreadX 0.0.2
2025-10-01 03:53:30,389 [INFO] ThirdParty:967 - CMSIS Pack Vendor :STMicroelectronics lwIP 2.0.3
2025-10-01 03:53:30,389 [INFO] ThirdParty:967 - CMSIS Pack Vendor :STMicroelectronics lwIP 2.1.2
2025-10-01 03:53:30,389 [INFO] ThirdParty:967 - CMSIS Pack Vendor :STMicroelectronics MBEDTLS 2.14.1
2025-10-01 03:53:30,389 [INFO] ThirdParty:967 - CMSIS Pack Vendor :STMicroelectronics USB_HOST 1.0.0
2025-10-01 03:53:30,389 [INFO] ThirdParty:967 - CMSIS Pack Vendor :STMicroelectronics PDM2PCM 3.1.0
2025-10-01 03:53:30,390 [INFO] ThirdParty:967 - CMSIS Pack Vendor :STMicroelectronics PDM2PCM 3.2.0
2025-10-01 03:53:30,390 [INFO] ThirdParty:967 - CMSIS Pack Vendor :STMicroelectronics USB_DEVICE 2.0.0
2025-10-01 03:53:30,390 [INFO] ThirdParty:967 - CMSIS Pack Vendor :STMicroelectronics PDM2PCM 3.3.0
2025-10-01 03:53:30,390 [INFO] ThirdParty:787 - exiting critical section [change project]
2025-10-01 03:53:30,457 [INFO] PinOutPanel:1463 - setPackage(No Configuration,No Configuration)
2025-10-01 03:53:30,458 [INFO] PinOutPanel:1463 - setPackage(STM32F103C6Ux,UFQFPN48)
2025-10-01 03:53:30,581 [INFO] UtilMem:74 - Before build in PCC Used Memory: 671602520 Bytes (747634688)
2025-10-01 03:53:30,698 [INFO] UtilMem:74 - After build in PCC Used Memory: 674351040 Bytes (747634688)
2025-10-01 03:53:30,705 [INFO] IPUIPlugin:74 - create IPUIPlugin
2025-10-01 03:53:30,705 [INFO] IPUIPlugin:74 - create IPUIPlugin
2025-10-01 03:53:30,705 [INFO] IPUIPlugin:74 - create IPUIPlugin
2025-10-01 03:53:30,707 [INFO] IPUIPlugin:74 - create IPUIPlugin
2025-10-01 03:53:30,707 [INFO] IPUIPlugin:74 - create IPUIPlugin
2025-10-01 03:53:30,707 [INFO] IPUIPlugin:74 - create IPUIPlugin
2025-10-01 03:53:30,707 [INFO] IPUIPlugin:74 - create IPUIPlugin
2025-10-01 03:53:30,707 [INFO] IPUIPlugin:74 - create IPUIPlugin
2025-10-01 03:53:30,707 [INFO] IPUIPlugin:74 - create IPUIPlugin
2025-10-01 03:53:30,707 [INFO] IPUIPlugin:74 - create IPUIPlugin
2025-10-01 03:53:30,707 [INFO] IPUIPlugin:74 - create IPUIPlugin
2025-10-01 03:53:30,707 [INFO] IPUIPlugin:74 - create IPUIPlugin
2025-10-01 03:53:30,708 [INFO] IPUIPlugin:74 - create IPUIPlugin
2025-10-01 03:53:30,708 [INFO] IPUIPlugin:74 - create IPUIPlugin
2025-10-01 03:53:30,708 [INFO] IPUIPlugin:74 - create IPUIPlugin
2025-10-01 03:53:30,708 [INFO] IPUIPlugin:74 - create IPUIPlugin
2025-10-01 03:53:30,708 [INFO] IPUIPlugin:74 - create IPUIPlugin
2025-10-01 03:53:30,708 [INFO] IPUIPlugin:74 - create IPUIPlugin
2025-10-01 03:53:30,708 [INFO] IPUIPlugin:74 - create IPUIPlugin
2025-10-01 03:53:30,709 [INFO] IPUIPlugin:74 - create IPUIPlugin
2025-10-01 03:53:30,709 [INFO] IPUIPlugin:74 - create IPUIPlugin
2025-10-01 03:53:30,709 [INFO] IPUIPlugin:74 - create IPUIPlugin
2025-10-01 03:53:30,710 [INFO] IPUIPlugin:74 - create IPUIPlugin
2025-10-01 03:53:30,714 [INFO] OpenFileManager:333 - Restore cursor
2025-10-01 03:54:23,108 [INFO] MainUpdater:2671 - connection check result : 10
2025-10-01 03:54:23,108 [INFO] MainUpdater:2671 - connection check result : 10
2025-10-01 03:54:23,142 [INFO] MicroXplorer:448 - Change Database Path : 
2025-10-01 03:54:23,142 [INFO] MicroXplorer:478 - Change Database Version : DB.6.0.30
2025-10-01 03:54:23,142 [WARN] ThirdParty:813 - waiting for thirdparty lock release [close project]
2025-10-01 03:54:23,142 [INFO] ThirdParty:815 - entering critical section [close project]
2025-10-01 03:54:23,143 [INFO] ThirdParty:825 - exiting critical section [close project]
2025-10-01 03:54:23,143 [INFO] PinOutPanel:1463 - setPackage(No Configuration,No Configuration)
2025-10-01 03:54:23,143 [INFO] UtilMem:74 - Begin LoadConfig() Used Memory: 769583168 Bytes (819986432)
2025-10-01 03:54:23,144 [INFO] MicroXplorer:448 - Change Database Path : 
2025-10-01 03:54:23,144 [INFO] MicroXplorer:478 - Change Database Version : DB.6.0.30
2025-10-01 03:54:23,144 [INFO] OpenFileManager:313 - Change cursor
2025-10-01 03:54:23,421 [INFO] Context:592 - Trying to add GPIOservice into a context  which must be forbidden
2025-10-01 03:54:23,493 [INFO] RtosManager:484 - Registered RTOS mode: class=CMSIS, group=RTOS, mode=CMSIS_V1, owner=FREERTOS
2025-10-01 03:54:23,493 [INFO] RtosManager:484 - Registered RTOS mode: class=CMSIS, group=RTOS2, mode=CMSIS_V2, owner=FREERTOS
2025-10-01 03:54:23,493 [INFO] RtosManager:484 - Registered RTOS mode: class=RTOS, group=Core, mode=CMSIS_V1, owner=FREERTOS
2025-10-01 03:54:23,493 [INFO] RtosManager:484 - Registered RTOS mode: class=RTOS, group=Core, mode=CMSIS_V2, owner=FREERTOS
2025-10-01 03:54:23,493 [WARN] ModelIntegratedComponent:181 - Missing modes for component STMicroelectronics:FreeRTOS:0.0.1:STMicroelectronics:RTOS:FreeRTOS:Core:::10.2.0:
2025-10-01 03:54:23,493 [WARN] ModelIntegratedComponent:60 - No mode defined for component null
2025-10-01 03:54:23,493 [WARN] ModelIntegratedComponent:60 - No mode defined for component null
2025-10-01 03:54:23,493 [WARN] ModelIntegratedComponent:60 - No mode defined for component null
2025-10-01 03:54:23,493 [WARN] ModelIntegratedComponent:60 - No mode defined for component null
2025-10-01 03:54:23,493 [WARN] ModelIntegratedComponent:60 - No mode defined for component null
2025-10-01 03:54:23,494 [WARN] ModelIntegratedComponent:60 - No mode defined for component null
2025-10-01 03:54:23,494 [WARN] ModelIntegratedComponent:60 - No mode defined for component null
2025-10-01 03:54:23,494 [WARN] ModelIntegratedComponent:60 - No mode defined for component null
2025-10-01 03:54:23,494 [WARN] ModelIntegratedComponent:60 - No mode defined for component null
2025-10-01 03:54:23,494 [WARN] ModelIntegratedComponent:60 - No mode defined for component null
2025-10-01 03:54:23,494 [WARN] ModelIntegratedComponent:60 - No mode defined for component null
2025-10-01 03:54:23,494 [WARN] ModelIntegratedComponent:60 - No mode defined for component null
2025-10-01 03:54:23,494 [WARN] ModelIntegratedComponent:60 - No mode defined for component null
2025-10-01 03:54:23,494 [WARN] ModelIntegratedComponent:60 - No mode defined for component null
2025-10-01 03:54:23,494 [WARN] ModelIntegratedComponent:60 - No mode defined for component null
2025-10-01 03:54:23,494 [WARN] ModelIntegratedComponent:60 - No mode defined for component null
2025-10-01 03:54:23,494 [WARN] ModelIntegratedComponent:60 - No mode defined for component null
2025-10-01 03:54:23,494 [WARN] ModelIntegratedComponent:60 - No mode defined for component null
2025-10-01 03:54:23,494 [WARN] ModelIntegratedComponent:60 - No mode defined for component null
2025-10-01 03:54:23,494 [WARN] ModelIntegratedComponent:60 - No mode defined for component null
2025-10-01 03:54:23,494 [WARN] ModelIntegratedComponent:60 - No mode defined for component null
2025-10-01 03:54:23,494 [WARN] ModelIntegratedComponent:60 - No mode defined for component null
2025-10-01 03:54:23,494 [WARN] ModelIntegratedComponent:60 - No mode defined for component null
2025-10-01 03:54:23,494 [WARN] ModelIntegratedComponent:60 - No mode defined for component null
2025-10-01 03:54:23,494 [WARN] ModelIntegratedComponent:60 - No mode defined for component null
2025-10-01 03:54:23,494 [WARN] ModelIntegratedComponent:60 - No mode defined for component null
2025-10-01 03:54:23,495 [WARN] ModelIntegratedComponent:60 - No mode defined for component null
2025-10-01 03:54:23,495 [WARN] ModelIntegratedComponent:60 - No mode defined for component null
2025-10-01 03:54:23,495 [WARN] ModelIntegratedComponent:60 - No mode defined for component null
2025-10-01 03:54:23,495 [WARN] ModelIntegratedComponent:60 - No mode defined for component null
2025-10-01 03:54:23,495 [WARN] ModelIntegratedComponent:60 - No mode defined for component null
2025-10-01 03:54:23,556 [INFO] UtilMem:74 - End LoadConfig() Used Memory: 779769224 Bytes (819986432)
2025-10-01 03:54:23,556 [WARN] ThirdParty:779 - waiting for thirdparty lock release [change project]
2025-10-01 03:54:23,556 [INFO] ThirdParty:781 - entering critical section [change project]
2025-10-01 03:54:23,556 [INFO] ThirdParty:967 - CMSIS Pack Vendor :STMicroelectronics USB_HOST 2.0.0
2025-10-01 03:54:23,556 [INFO] ThirdParty:967 - CMSIS Pack Vendor :STMicroelectronics FreeRTOS 0.0.1
2025-10-01 03:54:23,557 [INFO] ThirdParty:967 - CMSIS Pack Vendor :STMicroelectronics USB_DEVICE 1.0.0
2025-10-01 03:54:23,557 [INFO] ThirdParty:967 - CMSIS Pack Vendor :STMicroelectronics USB_DEVICE 3.0.0
2025-10-01 03:54:23,557 [INFO] ThirdParty:967 - CMSIS Pack Vendor :STMicroelectronics HAL Drivers 0.0.0
2025-10-01 03:54:23,557 [INFO] ThirdParty:967 - CMSIS Pack Vendor :STMicroelectronics MBEDTLS 2.16.2
2025-10-01 03:54:23,557 [INFO] ThirdParty:967 - CMSIS Pack Vendor :STMicroelectronics ThreadX 0.0.2
2025-10-01 03:54:23,557 [INFO] ThirdParty:967 - CMSIS Pack Vendor :STMicroelectronics lwIP 2.0.3
2025-10-01 03:54:23,557 [INFO] ThirdParty:967 - CMSIS Pack Vendor :STMicroelectronics lwIP 2.1.2
2025-10-01 03:54:23,557 [INFO] ThirdParty:967 - CMSIS Pack Vendor :STMicroelectronics MBEDTLS 2.14.1
2025-10-01 03:54:23,557 [INFO] ThirdParty:967 - CMSIS Pack Vendor :STMicroelectronics USB_HOST 1.0.0
2025-10-01 03:54:23,557 [INFO] ThirdParty:967 - CMSIS Pack Vendor :STMicroelectronics PDM2PCM 3.1.0
2025-10-01 03:54:23,557 [INFO] ThirdParty:967 - CMSIS Pack Vendor :STMicroelectronics PDM2PCM 3.2.0
2025-10-01 03:54:23,557 [INFO] ThirdParty:967 - CMSIS Pack Vendor :STMicroelectronics USB_DEVICE 2.0.0
2025-10-01 03:54:23,557 [INFO] ThirdParty:967 - CMSIS Pack Vendor :STMicroelectronics PDM2PCM 3.3.0
2025-10-01 03:54:23,557 [INFO] ThirdParty:787 - exiting critical section [change project]
2025-10-01 03:54:23,621 [INFO] PinOutPanel:1463 - setPackage(No Configuration,No Configuration)
2025-10-01 03:54:23,621 [INFO] PinOutPanel:1463 - setPackage(STM32F103C6Ux,UFQFPN48)
2025-10-01 03:54:23,748 [INFO] UtilMem:74 - Before build in PCC Used Memory: 803949008 Bytes (824180736)
2025-10-01 03:54:23,877 [INFO] UtilMem:74 - After build in PCC Used Memory: 804081704 Bytes (824180736)
2025-10-01 03:54:23,887 [INFO] IPUIPlugin:74 - create IPUIPlugin
2025-10-01 03:54:23,887 [INFO] IPUIPlugin:74 - create IPUIPlugin
2025-10-01 03:54:23,887 [INFO] IPUIPlugin:74 - create IPUIPlugin
2025-10-01 03:54:23,887 [INFO] IPUIPlugin:74 - create IPUIPlugin
2025-10-01 03:54:23,887 [INFO] IPUIPlugin:74 - create IPUIPlugin
2025-10-01 03:54:23,887 [INFO] IPUIPlugin:74 - create IPUIPlugin
2025-10-01 03:54:23,887 [INFO] IPUIPlugin:74 - create IPUIPlugin
2025-10-01 03:54:23,887 [INFO] IPUIPlugin:74 - create IPUIPlugin
2025-10-01 03:54:23,887 [INFO] IPUIPlugin:74 - create IPUIPlugin
2025-10-01 03:54:23,887 [INFO] IPUIPlugin:74 - create IPUIPlugin
2025-10-01 03:54:23,887 [INFO] IPUIPlugin:74 - create IPUIPlugin
2025-10-01 03:54:23,887 [INFO] IPUIPlugin:74 - create IPUIPlugin
2025-10-01 03:54:23,887 [INFO] IPUIPlugin:74 - create IPUIPlugin
2025-10-01 03:54:23,887 [INFO] IPUIPlugin:74 - create IPUIPlugin
2025-10-01 03:54:23,888 [INFO] IPUIPlugin:74 - create IPUIPlugin
2025-10-01 03:54:23,888 [INFO] IPUIPlugin:74 - create IPUIPlugin
2025-10-01 03:54:23,888 [INFO] IPUIPlugin:74 - create IPUIPlugin
2025-10-01 03:54:23,888 [INFO] IPUIPlugin:74 - create IPUIPlugin
2025-10-01 03:54:23,888 [INFO] IPUIPlugin:74 - create IPUIPlugin
2025-10-01 03:54:23,889 [INFO] IPUIPlugin:74 - create IPUIPlugin
2025-10-01 03:54:23,889 [INFO] IPUIPlugin:74 - create IPUIPlugin
2025-10-01 03:54:23,889 [INFO] IPUIPlugin:74 - create IPUIPlugin
2025-10-01 03:54:23,889 [INFO] IPUIPlugin:74 - create IPUIPlugin
2025-10-01 03:54:23,899 [INFO] OpenFileManager:333 - Restore cursor
2025-10-01 03:57:26,668 [INFO] UtilMem:74 - End SaveConfig() Used Memory: 925891728 Bytes (1073741824)
2025-10-01 03:57:28,145 [INFO] UtilMem:74 - End SaveConfig() Used Memory: 939502416 Bytes (1073741824)
2025-10-01 03:57:30,368 [INFO] UtilMem:74 - End SaveConfig() Used Memory: 941699576 Bytes (1073741824)
2025-10-01 03:57:30,529 [INFO] BlockDiagram:2740 - set Specific Code input for plugin: NVIC
2025-10-01 03:57:30,530 [INFO] BlockDiagram:2740 - set Specific Code input for plugin: SYS
2025-10-01 03:57:30,530 [INFO] BlockDiagram:2740 - set Specific Code input for plugin: GPIO
2025-10-01 03:57:30,530 [INFO] BlockDiagram:2740 - set Specific Code input for plugin: RCC
2025-10-01 03:57:30,530 [INFO] CodeGenerator:663 - code generatio: config db path: C:\ST\STM32CubeIDE_1.7.0\STM32CubeIDE\plugins\com.st.stm32cube.common.mx_6.3.0.202107141111\\db\
2025-10-01 03:57:30,700 [INFO] CodeEngine:239 - oldGeneratedFile, C:\Users\ADMIN\Documents\Study\VXL-VDK\VXL_VDK_Lab2\STM32\VDK_VXL_Lab2\MXTmpFiles\license.tmp_save
2025-10-01 03:57:30,750 [INFO] CodeEngine:257 - Generated code: C:\Users\ADMIN\Documents\Study\VXL-VDK\VXL_VDK_Lab2\STM32\VDK_VXL_Lab2\MXTmpFiles\license.tmp
2025-10-01 03:57:31,047 [INFO] CodeEngine:239 - oldGeneratedFile, C:\Users\ADMIN\Documents\Study\VXL-VDK\VXL_VDK_Lab2\STM32\VDK_VXL_Lab2\MXTmpFiles\gpio.tmp_save
2025-10-01 03:57:31,097 [INFO] CodeEngine:257 - Generated code: C:\Users\ADMIN\Documents\Study\VXL-VDK\VXL_VDK_Lab2\STM32\VDK_VXL_Lab2\MXTmpFiles\gpio.tmp
2025-10-01 03:57:31,122 [INFO] CodeEngine:239 - oldGeneratedFile, C:\Users\ADMIN\Documents\Study\VXL-VDK\VXL_VDK_Lab2\STM32\VDK_VXL_Lab2\Core\Src\stm32f1xx_it.c_save
2025-10-01 03:57:31,178 [INFO] CodeEngine:257 - Generated code: C:\Users\ADMIN\Documents\Study\VXL-VDK\VXL_VDK_Lab2\STM32\VDK_VXL_Lab2\Core\Src\stm32f1xx_it.c
2025-10-01 03:57:31,181 [INFO] CodeEngine:239 - oldGeneratedFile, C:\Users\ADMIN\Documents\Study\VXL-VDK\VXL_VDK_Lab2\STM32\VDK_VXL_Lab2\Core\Inc\stm32f1xx_it.h_save
2025-10-01 03:57:31,220 [INFO] CodeEngine:257 - Generated code: C:\Users\ADMIN\Documents\Study\VXL-VDK\VXL_VDK_Lab2\STM32\VDK_VXL_Lab2\Core\Inc\stm32f1xx_it.h
2025-10-01 03:57:31,232 [INFO] CodeEngine:239 - oldGeneratedFile, C:\Users\ADMIN\Documents\Study\VXL-VDK\VXL_VDK_Lab2\STM32\VDK_VXL_Lab2\Core\Src\stm32f1xx_hal_msp.c_save
2025-10-01 03:57:31,297 [INFO] CodeEngine:257 - Generated code: C:\Users\ADMIN\Documents\Study\VXL-VDK\VXL_VDK_Lab2\STM32\VDK_VXL_Lab2\Core\Src\stm32f1xx_hal_msp.c
2025-10-01 03:57:31,299 [INFO] CodeEngine:239 - oldGeneratedFile, C:\Users\ADMIN\Documents\Study\VXL-VDK\VXL_VDK_Lab2\STM32\VDK_VXL_Lab2\MXTmpFiles\system.tmp_save
2025-10-01 03:57:31,341 [INFO] CodeEngine:257 - Generated code: C:\Users\ADMIN\Documents\Study\VXL-VDK\VXL_VDK_Lab2\STM32\VDK_VXL_Lab2\MXTmpFiles\system.tmp
2025-10-01 03:57:31,355 [INFO] CodeEngine:239 - oldGeneratedFile, C:\Users\ADMIN\Documents\Study\VXL-VDK\VXL_VDK_Lab2\STM32\VDK_VXL_Lab2\Core\Inc\stm32f1xx_hal_conf.h_save
2025-10-01 03:57:31,432 [INFO] CodeEngine:257 - Generated code: C:\Users\ADMIN\Documents\Study\VXL-VDK\VXL_VDK_Lab2\STM32\VDK_VXL_Lab2\Core\Inc\stm32f1xx_hal_conf.h
2025-10-01 03:57:31,464 [INFO] CodeEngine:239 - oldGeneratedFile, C:\Users\ADMIN\Documents\Study\VXL-VDK\VXL_VDK_Lab2\STM32\VDK_VXL_Lab2\Core\Inc\main.h_save
2025-10-01 03:57:31,532 [INFO] CodeEngine:257 - Generated code: C:\Users\ADMIN\Documents\Study\VXL-VDK\VXL_VDK_Lab2\STM32\VDK_VXL_Lab2\Core\Inc\main.h
2025-10-01 03:57:31,542 [INFO] CodeEngine:239 - oldGeneratedFile, C:\Users\ADMIN\Documents\Study\VXL-VDK\VXL_VDK_Lab2\STM32\VDK_VXL_Lab2\Core\Src\main.c_save
2025-10-01 03:57:31,643 [INFO] CodeEngine:257 - Generated code: C:\Users\ADMIN\Documents\Study\VXL-VDK\VXL_VDK_Lab2\STM32\VDK_VXL_Lab2\Core\Src\main.c
2025-10-01 03:57:32,103 [INFO] ProjectBuilder:2578 - Time for Copy HAL[1] : 51mS.
2025-10-01 03:57:32,106 [INFO] ProjectBuilder:3622 - Project Generator version: 3.14.1
2025-10-01 03:57:32,581 [INFO] ConfigFileManager:1271 - The Die is : DIE412
2025-10-01 03:57:32,585 [INFO] ApiDbMcu:468 - Load IP Config File for FATFS
2025-10-01 03:57:32,600 [INFO] ApiDbMcu:468 - Load IP Config File for FREERTOS
2025-10-01 03:57:32,613 [INFO] ApiDbMcu:468 - Load IP Config File for USB_DEVICE
2025-10-01 03:57:33,970 [INFO] ProjectBuilder:3789 - Time for Generating toolchain IDE Files: 1864mS.
2025-10-01 03:57:33,971 [INFO] ProjectBuilder:2457 - Time for Copy CMSIS : 1mS.
2025-10-01 03:57:33,972 [INFO] ProjectBuilder:2457 - Time for Copy CMSIS : 0mS.
2025-10-01 04:03:18,157 [INFO] NvicIntPanel:96 - NVIC parent = com.st.microxplorer.plugins.ip.nvic.MultiNvicIntPanel[,0,0,619x505,layout=javax.swing.BoxLayout,alignmentX=0.0,alignmentY=0.0,border=,flags=9,maximumSize=,minimumSize=,preferredSize=]
2025-10-01 04:03:31,274 [INFO] UtilMem:74 - End SaveConfig() Used Memory: 970086816 Bytes (1073741824)
2025-10-01 04:03:32,334 [INFO] UtilMem:74 - End SaveConfig() Used Memory: 985992360 Bytes (1073741824)
2025-10-01 04:03:33,794 [INFO] UtilMem:74 - End SaveConfig() Used Memory: 975605120 Bytes (1073741824)
2025-10-01 04:03:34,022 [INFO] BlockDiagram:2740 - set Specific Code input for plugin: NVIC
2025-10-01 04:03:34,023 [INFO] BlockDiagram:2740 - set Specific Code input for plugin: SYS
2025-10-01 04:03:34,023 [INFO] BlockDiagram:2740 - set Specific Code input for plugin: GPIO
2025-10-01 04:03:34,023 [INFO] BlockDiagram:2740 - set Specific Code input for plugin: RCC
2025-10-01 04:03:34,023 [INFO] BlockDiagram:2740 - set Specific Code input for plugin: TIM1_8F1
2025-10-01 04:03:34,024 [INFO] CodeGenerator:663 - code generatio: config db path: C:\ST\STM32CubeIDE_1.7.0\STM32CubeIDE\plugins\com.st.stm32cube.common.mx_6.3.0.202107141111\\db\
2025-10-01 04:03:34,450 [INFO] CodeEngine:239 - oldGeneratedFile, C:\Users\ADMIN\Documents\Study\VXL-VDK\VXL_VDK_Lab2\STM32\VDK_VXL_Lab2\MXTmpFiles\license.tmp_save
2025-10-01 04:03:34,524 [INFO] CodeEngine:257 - Generated code: C:\Users\ADMIN\Documents\Study\VXL-VDK\VXL_VDK_Lab2\STM32\VDK_VXL_Lab2\MXTmpFiles\license.tmp
2025-10-01 04:03:34,553 [INFO] CodeEngine:239 - oldGeneratedFile, C:\Users\ADMIN\Documents\Study\VXL-VDK\VXL_VDK_Lab2\STM32\VDK_VXL_Lab2\MXTmpFiles\gpio.tmp_save
2025-10-01 04:03:34,615 [INFO] CodeEngine:257 - Generated code: C:\Users\ADMIN\Documents\Study\VXL-VDK\VXL_VDK_Lab2\STM32\VDK_VXL_Lab2\MXTmpFiles\gpio.tmp
2025-10-01 04:03:34,745 [INFO] CodeEngine:239 - oldGeneratedFile, C:\Users\ADMIN\Documents\Study\VXL-VDK\VXL_VDK_Lab2\STM32\VDK_VXL_Lab2\Core\Src\stm32f1xx_it.c_save
2025-10-01 04:03:34,833 [INFO] CodeEngine:257 - Generated code: C:\Users\ADMIN\Documents\Study\VXL-VDK\VXL_VDK_Lab2\STM32\VDK_VXL_Lab2\Core\Src\stm32f1xx_it.c
2025-10-01 04:03:34,836 [INFO] CodeEngine:239 - oldGeneratedFile, C:\Users\ADMIN\Documents\Study\VXL-VDK\VXL_VDK_Lab2\STM32\VDK_VXL_Lab2\Core\Inc\stm32f1xx_it.h_save
2025-10-01 04:03:34,897 [INFO] CodeEngine:257 - Generated code: C:\Users\ADMIN\Documents\Study\VXL-VDK\VXL_VDK_Lab2\STM32\VDK_VXL_Lab2\Core\Inc\stm32f1xx_it.h
2025-10-01 04:03:34,909 [INFO] CodeEngine:239 - oldGeneratedFile, C:\Users\ADMIN\Documents\Study\VXL-VDK\VXL_VDK_Lab2\STM32\VDK_VXL_Lab2\Core\Src\stm32f1xx_hal_msp.c_save
2025-10-01 04:03:34,997 [INFO] CodeEngine:257 - Generated code: C:\Users\ADMIN\Documents\Study\VXL-VDK\VXL_VDK_Lab2\STM32\VDK_VXL_Lab2\Core\Src\stm32f1xx_hal_msp.c
2025-10-01 04:03:35,000 [INFO] CodeEngine:239 - oldGeneratedFile, C:\Users\ADMIN\Documents\Study\VXL-VDK\VXL_VDK_Lab2\STM32\VDK_VXL_Lab2\MXTmpFiles\system.tmp_save
2025-10-01 04:03:35,036 [INFO] CodeEngine:257 - Generated code: C:\Users\ADMIN\Documents\Study\VXL-VDK\VXL_VDK_Lab2\STM32\VDK_VXL_Lab2\MXTmpFiles\system.tmp
2025-10-01 04:03:35,046 [INFO] CodeEngine:239 - oldGeneratedFile, C:\Users\ADMIN\Documents\Study\VXL-VDK\VXL_VDK_Lab2\STM32\VDK_VXL_Lab2\Core\Inc\stm32f1xx_hal_conf.h_save
2025-10-01 04:03:35,110 [INFO] CodeEngine:257 - Generated code: C:\Users\ADMIN\Documents\Study\VXL-VDK\VXL_VDK_Lab2\STM32\VDK_VXL_Lab2\Core\Inc\stm32f1xx_hal_conf.h
2025-10-01 04:03:35,126 [WARN] IPConfigManager:3148 - IP not found : TIM
2025-10-01 04:03:35,126 [WARN] CodeGenerator:3268 - IP not found : null
2025-10-01 04:03:35,137 [INFO] CodeEngine:239 - oldGeneratedFile, C:\Users\ADMIN\Documents\Study\VXL-VDK\VXL_VDK_Lab2\STM32\VDK_VXL_Lab2\Core\Inc\main.h_save
2025-10-01 04:03:35,187 [INFO] CodeEngine:257 - Generated code: C:\Users\ADMIN\Documents\Study\VXL-VDK\VXL_VDK_Lab2\STM32\VDK_VXL_Lab2\Core\Inc\main.h
2025-10-01 04:03:35,199 [INFO] CodeEngine:239 - oldGeneratedFile, C:\Users\ADMIN\Documents\Study\VXL-VDK\VXL_VDK_Lab2\STM32\VDK_VXL_Lab2\Core\Src\main.c_save
2025-10-01 04:03:35,302 [INFO] CodeEngine:257 - Generated code: C:\Users\ADMIN\Documents\Study\VXL-VDK\VXL_VDK_Lab2\STM32\VDK_VXL_Lab2\Core\Src\main.c
2025-10-01 04:03:36,004 [INFO] ProjectBuilder:2578 - Time for Copy HAL[1] : 51mS.
2025-10-01 04:03:36,007 [INFO] ProjectBuilder:3622 - Project Generator version: 3.14.1
2025-10-01 04:03:36,266 [INFO] ConfigFileManager:1271 - The Die is : DIE412
2025-10-01 04:03:37,641 [INFO] ProjectBuilder:3789 - Time for Generating toolchain IDE Files: 1634mS.
2025-10-01 04:03:37,642 [INFO] ProjectBuilder:2457 - Time for Copy CMSIS : 0mS.
2025-10-01 04:03:37,643 [INFO] ProjectBuilder:2457 - Time for Copy CMSIS : 0mS.
2025-10-01 04:07:50,131 [INFO] UtilMem:74 - End SaveConfig() Used Memory: 978852568 Bytes (1073741824)
2025-10-01 04:07:51,521 [INFO] UtilMem:74 - End SaveConfig() Used Memory: 994349768 Bytes (1073741824)
2025-10-01 04:07:53,481 [INFO] UtilMem:74 - End SaveConfig() Used Memory: 963608480 Bytes (1073741824)
2025-10-01 04:07:53,632 [INFO] BlockDiagram:2740 - set Specific Code input for plugin: NVIC
2025-10-01 04:07:53,633 [INFO] BlockDiagram:2740 - set Specific Code input for plugin: SYS
2025-10-01 04:07:53,633 [INFO] BlockDiagram:2740 - set Specific Code input for plugin: GPIO
2025-10-01 04:07:53,633 [INFO] BlockDiagram:2740 - set Specific Code input for plugin: RCC
2025-10-01 04:07:53,633 [INFO] BlockDiagram:2740 - set Specific Code input for plugin: TIM1_8F1
2025-10-01 04:07:53,633 [INFO] CodeGenerator:663 - code generatio: config db path: C:\ST\STM32CubeIDE_1.7.0\STM32CubeIDE\plugins\com.st.stm32cube.common.mx_6.3.0.202107141111\\db\
2025-10-01 04:07:54,021 [INFO] CodeEngine:239 - oldGeneratedFile, C:\Users\ADMIN\Documents\Study\VXL-VDK\VXL_VDK_Lab2\STM32\VDK_VXL_Lab2\MXTmpFiles\license.tmp_save
2025-10-01 04:07:54,063 [INFO] CodeEngine:257 - Generated code: C:\Users\ADMIN\Documents\Study\VXL-VDK\VXL_VDK_Lab2\STM32\VDK_VXL_Lab2\MXTmpFiles\license.tmp
2025-10-01 04:07:54,084 [INFO] CodeEngine:239 - oldGeneratedFile, C:\Users\ADMIN\Documents\Study\VXL-VDK\VXL_VDK_Lab2\STM32\VDK_VXL_Lab2\MXTmpFiles\gpio.tmp_save
2025-10-01 04:07:54,137 [INFO] CodeEngine:257 - Generated code: C:\Users\ADMIN\Documents\Study\VXL-VDK\VXL_VDK_Lab2\STM32\VDK_VXL_Lab2\MXTmpFiles\gpio.tmp
2025-10-01 04:07:54,203 [INFO] CodeEngine:239 - oldGeneratedFile, C:\Users\ADMIN\Documents\Study\VXL-VDK\VXL_VDK_Lab2\STM32\VDK_VXL_Lab2\Core\Src\stm32f1xx_it.c_save
2025-10-01 04:07:54,274 [INFO] CodeEngine:257 - Generated code: C:\Users\ADMIN\Documents\Study\VXL-VDK\VXL_VDK_Lab2\STM32\VDK_VXL_Lab2\Core\Src\stm32f1xx_it.c
2025-10-01 04:07:54,278 [INFO] CodeEngine:239 - oldGeneratedFile, C:\Users\ADMIN\Documents\Study\VXL-VDK\VXL_VDK_Lab2\STM32\VDK_VXL_Lab2\Core\Inc\stm32f1xx_it.h_save
2025-10-01 04:07:54,321 [INFO] CodeEngine:257 - Generated code: C:\Users\ADMIN\Documents\Study\VXL-VDK\VXL_VDK_Lab2\STM32\VDK_VXL_Lab2\Core\Inc\stm32f1xx_it.h
2025-10-01 04:07:54,335 [INFO] CodeEngine:239 - oldGeneratedFile, C:\Users\ADMIN\Documents\Study\VXL-VDK\VXL_VDK_Lab2\STM32\VDK_VXL_Lab2\Core\Src\stm32f1xx_hal_msp.c_save
2025-10-01 04:07:54,403 [INFO] CodeEngine:257 - Generated code: C:\Users\ADMIN\Documents\Study\VXL-VDK\VXL_VDK_Lab2\STM32\VDK_VXL_Lab2\Core\Src\stm32f1xx_hal_msp.c
2025-10-01 04:07:54,405 [INFO] CodeEngine:239 - oldGeneratedFile, C:\Users\ADMIN\Documents\Study\VXL-VDK\VXL_VDK_Lab2\STM32\VDK_VXL_Lab2\MXTmpFiles\system.tmp_save
2025-10-01 04:07:54,440 [INFO] CodeEngine:257 - Generated code: C:\Users\ADMIN\Documents\Study\VXL-VDK\VXL_VDK_Lab2\STM32\VDK_VXL_Lab2\MXTmpFiles\system.tmp
2025-10-01 04:07:54,453 [INFO] CodeEngine:239 - oldGeneratedFile, C:\Users\ADMIN\Documents\Study\VXL-VDK\VXL_VDK_Lab2\STM32\VDK_VXL_Lab2\Core\Inc\stm32f1xx_hal_conf.h_save
2025-10-01 04:07:54,522 [INFO] CodeEngine:257 - Generated code: C:\Users\ADMIN\Documents\Study\VXL-VDK\VXL_VDK_Lab2\STM32\VDK_VXL_Lab2\Core\Inc\stm32f1xx_hal_conf.h
2025-10-01 04:07:54,532 [WARN] IPConfigManager:3148 - IP not found : TIM
2025-10-01 04:07:54,532 [WARN] CodeGenerator:3268 - IP not found : null
2025-10-01 04:07:54,542 [INFO] CodeEngine:239 - oldGeneratedFile, C:\Users\ADMIN\Documents\Study\VXL-VDK\VXL_VDK_Lab2\STM32\VDK_VXL_Lab2\Core\Inc\main.h_save
2025-10-01 04:07:54,600 [INFO] CodeEngine:257 - Generated code: C:\Users\ADMIN\Documents\Study\VXL-VDK\VXL_VDK_Lab2\STM32\VDK_VXL_Lab2\Core\Inc\main.h
2025-10-01 04:07:54,608 [INFO] CodeEngine:239 - oldGeneratedFile, C:\Users\ADMIN\Documents\Study\VXL-VDK\VXL_VDK_Lab2\STM32\VDK_VXL_Lab2\Core\Src\main.c_save
2025-10-01 04:07:54,705 [INFO] CodeEngine:257 - Generated code: C:\Users\ADMIN\Documents\Study\VXL-VDK\VXL_VDK_Lab2\STM32\VDK_VXL_Lab2\Core\Src\main.c
2025-10-01 04:07:55,385 [INFO] ProjectBuilder:2578 - Time for Copy HAL[1] : 49mS.
2025-10-01 04:07:55,388 [INFO] ProjectBuilder:3622 - Project Generator version: 3.14.1
2025-10-01 04:07:55,630 [INFO] ConfigFileManager:1271 - The Die is : DIE412
2025-10-01 04:07:56,915 [INFO] ProjectBuilder:3789 - Time for Generating toolchain IDE Files: 1527mS.
2025-10-01 04:07:56,915 [INFO] ProjectBuilder:2457 - Time for Copy CMSIS : 0mS.
2025-10-01 04:07:56,916 [INFO] ProjectBuilder:2457 - Time for Copy CMSIS : 0mS.
